[13-Jun-2018 12:21:21 UTC] PHP Deprecated:  The each() function is deprecated. This message will be suppressed on further calls in /home/wxfx36uv3844/public_html/vendor/colinmollenhour/cache-backend-file/File.php on line 81
[13-Jun-2018 12:22:01 UTC] PHP Deprecated:  The each() function is deprecated. This message will be suppressed on further calls in /home/wxfx36uv3844/public_html/vendor/colinmollenhour/cache-backend-file/File.php on line 81
[13-Jun-2018 12:22:13 UTC] PHP Deprecated:  The each() function is deprecated. This message will be suppressed on further calls in /home/wxfx36uv3844/public_html/vendor/colinmollenhour/cache-backend-file/File.php on line 81
[13-Jun-2018 12:37:04 UTC] PHP Deprecated:  The each() function is deprecated. This message will be suppressed on further calls in /home/wxfx36uv3844/public_html/vendor/colinmollenhour/cache-backend-file/File.php on line 81
[13-Jun-2018 12:37:43 UTC] PHP Deprecated:  The each() function is deprecated. This message will be suppressed on further calls in /home/wxfx36uv3844/public_html/vendor/colinmollenhour/cache-backend-file/File.php on line 81
[13-Jun-2018 12:56:52 UTC] PHP Deprecated:  The each() function is deprecated. This message will be suppressed on further calls in /home/wxfx36uv3844/public_html/vendor/colinmollenhour/cache-backend-file/File.php on line 81
[13-Jun-2018 12:57:30 UTC] PHP Deprecated:  The each() function is deprecated. This message will be suppressed on further calls in /home/wxfx36uv3844/public_html/vendor/colinmollenhour/cache-backend-file/File.php on line 81
[13-Jun-2018 12:57:31 UTC] PHP Deprecated:  The each() function is deprecated. This message will be suppressed on further calls in /home/wxfx36uv3844/public_html/vendor/colinmollenhour/cache-backend-file/File.php on line 81
[13-Jun-2018 13:52:32 UTC] PHP Deprecated:  The each() function is deprecated. This message will be suppressed on further calls in /home/wxfx36uv3844/public_html/vendor/colinmollenhour/cache-backend-file/File.php on line 81
[13-Jun-2018 13:53:11 UTC] PHP Deprecated:  The each() function is deprecated. This message will be suppressed on further calls in /home/wxfx36uv3844/public_html/vendor/colinmollenhour/cache-backend-file/File.php on line 81
[13-Jun-2018 13:53:12 UTC] PHP Deprecated:  The each() function is deprecated. This message will be suppressed on further calls in /home/wxfx36uv3844/public_html/vendor/colinmollenhour/cache-backend-file/File.php on line 81
[13-Jun-2018 13:53:35 UTC] PHP Deprecated:  The each() function is deprecated. This message will be suppressed on further calls in /home/wxfx36uv3844/public_html/vendor/colinmollenhour/cache-backend-file/File.php on line 81
[13-Jun-2018 14:01:32 UTC] PHP Deprecated:  The each() function is deprecated. This message will be suppressed on further calls in /home/wxfx36uv3844/public_html/vendor/colinmollenhour/cache-backend-file/File.php on line 81
[13-Jun-2018 14:09:23 UTC] PHP Deprecated:  The each() function is deprecated. This message will be suppressed on further calls in /home/wxfx36uv3844/public_html/vendor/colinmollenhour/cache-backend-file/File.php on line 81
[13-Jun-2018 15:58:05 UTC] PHP Deprecated:  The each() function is deprecated. This message will be suppressed on further calls in /home/wxfx36uv3844/public_html/vendor/colinmollenhour/cache-backend-file/File.php on line 81
[13-Jun-2018 17:27:28 UTC] PHP Deprecated:  The each() function is deprecated. This message will be suppressed on further calls in /home/wxfx36uv3844/public_html/vendor/colinmollenhour/cache-backend-file/File.php on line 81
[13-Jun-2018 17:33:00 UTC] PHP Deprecated:  The each() function is deprecated. This message will be suppressed on further calls in /home/wxfx36uv3844/public_html/vendor/colinmollenhour/cache-backend-file/File.php on line 81
[13-Jun-2018 17:58:35 UTC] PHP Deprecated:  The each() function is deprecated. This message will be suppressed on further calls in /home/wxfx36uv3844/public_html/vendor/colinmollenhour/cache-backend-file/File.php on line 81
[13-Jun-2018 18:36:08 UTC] PHP Fatal error:  Allowed memory size of 134217728 bytes exhausted (tried to allocate 335872 bytes) in /home/wxfx36uv3844/public_html/vendor/oyejorge/less.php/lib/Less/Output.php on line 46
[17-Jun-2018 20:36:45 UTC] PHP Fatal error:  Allowed memory size of 134217728 bytes exhausted (tried to allocate 135168 bytes) in /home/wxfx36uv3844/public_html/setup/src/Magento/Setup/Module/Di/Code/Reader/FileClassScanner.php on line 81
[17-Jun-2018 20:37:29 UTC] PHP Fatal error:  Allowed memory size of 134217728 bytes exhausted (tried to allocate 20480 bytes) in /home/wxfx36uv3844/public_html/vendor/oyejorge/less.php/lib/Less/Tree/Ruleset.php on line 39
[28-Jun-2018 13:59:12 UTC] PHP Parse error:  syntax error, unexpected 'namespace' (T_NAMESPACE) in /home/wxfx36uv3844/public_html/app/code/Codazon/QuickShop/Helper/Data.php on line 1
[28-Jun-2018 13:59:20 UTC] PHP Parse error:  syntax error, unexpected 'namespace' (T_NAMESPACE) in /home/wxfx36uv3844/public_html/app/code/Codazon/QuickShop/Helper/Data.php on line 1
[28-Jun-2018 14:00:00 UTC] PHP Parse error:  syntax error, unexpected 'namespace' (T_NAMESPACE) in /home/wxfx36uv3844/public_html/app/code/Codazon/QuickShop/Helper/Data.php on line 1
[28-Jun-2018 14:00:08 UTC] PHP Parse error:  syntax error, unexpected 'namespace' (T_NAMESPACE) in /home/wxfx36uv3844/public_html/app/code/Codazon/QuickShop/Helper/Data.php on line 1
[28-Jun-2018 14:00:32 UTC] PHP Parse error:  syntax error, unexpected 'namespace' (T_NAMESPACE) in /home/wxfx36uv3844/public_html/app/code/Codazon/QuickShop/Helper/Data.php on line 1
[28-Jun-2018 14:00:40 UTC] PHP Parse error:  syntax error, unexpected 'namespace' (T_NAMESPACE) in /home/wxfx36uv3844/public_html/app/code/Codazon/QuickShop/Helper/Data.php on line 1
[28-Jun-2018 14:00:52 UTC] PHP Fatal error:  Namespace declaration statement has to be the very first statement or after any declare call in the script in /home/wxfx36uv3844/public_html/app/code/Codazon/QuickShop/Helper/Data.php on line 9
[28-Jun-2018 14:00:59 UTC] PHP Fatal error:  Namespace declaration statement has to be the very first statement or after any declare call in the script in /home/wxfx36uv3844/public_html/app/code/Codazon/QuickShop/Helper/Data.php on line 9
[28-Jun-2018 14:02:41 UTC] PHP Parse error:  syntax error, unexpected 'namespace' (T_NAMESPACE) in /home/wxfx36uv3844/public_html/app/code/Codazon/QuickShop/Helper/Data.php on line 1
[28-Jun-2018 14:02:49 UTC] PHP Parse error:  syntax error, unexpected 'namespace' (T_NAMESPACE) in /home/wxfx36uv3844/public_html/app/code/Codazon/QuickShop/Helper/Data.php on line 1
[29-Jun-2018 11:54:00 UTC] PHP Fatal error:  Uncaught Error: Cannot access protected property ProgrammingAtKstark\CatewithimgWidget\Block\Widget\CatewithimgWidget::$_storeManager in /home/wxfx36uv3844/public_html/vendor/magento/framework/View/TemplateEngine/Php.php:110
Stack trace:
#0 /home/wxfx36uv3844/public_html/app/code/ProgrammingAtKstark/CatewithimgWidget/view/frontend/templates/widget/categorywidget.phtml(15): Magento\Framework\View\TemplateEngine\Php->__get('_storeManager')
#1 /home/wxfx36uv3844/public_html/vendor/magento/framework/View/TemplateEngine/Php.php(59): include('/home/wxfx36uv3...')
#2 /home/wxfx36uv3844/public_html/vendor/magento/framework/View/Element/Template.php(270): Magento\Framework\View\TemplateEngine\Php->render(Object(ProgrammingAtKstark\CatewithimgWidget\Block\Widget\CatewithimgWidget), '/home/wxfx36uv3...', Array)
#3 /home/wxfx36uv3844/public_html/vendor/magento/framework/View/Element/Template.php(300): Magento\Framework\View\Element\Template->fetchView('/home/wxfx36uv3...')
#4 /home/wxfx36uv3844/public_html/vendor/magento in /home/wxfx36uv3844/public_html/vendor/magento/framework/View/TemplateEngine/Php.php on line 110
[30-Jun-2018 09:45:01 UTC] PHP Fatal error:  Allowed memory size of 134217728 bytes exhausted (tried to allocate 32768 bytes) in /home/wxfx36uv3844/public_html/vendor/magento/module-security/Model/AdminSessionsManager.php on line 1
[30-Jun-2018 09:45:22 UTC] PHP Fatal error:  Allowed memory size of 134217728 bytes exhausted (tried to allocate 69632 bytes) in /home/wxfx36uv3844/public_html/setup/src/Magento/Setup/Module/Di/Code/Reader/FileClassScanner.php on line 81
[30-Jun-2018 09:45:49 UTC] PHP Fatal error:  Allowed memory size of 134217728 bytes exhausted (tried to allocate 20480 bytes) in /home/wxfx36uv3844/public_html/vendor/oyejorge/less.php/lib/Less/Parser.php on line 723
[30-Jun-2018 10:01:42 UTC] PHP Parse error:  syntax error, unexpected '*', expecting end of file in /home/wxfx36uv3844/public_html/app/design/frontend/Codazon/fastest/fashion/Magento_Customer/templates/form/register.phtml on line 153
[30-Jun-2018 13:34:31 UTC] PHP Fatal error:  Allowed memory size of 134217728 bytes exhausted (tried to allocate 266240 bytes) in /home/wxfx36uv3844/public_html/vendor/oyejorge/less.php/lib/Less/Tree/Ruleset.php on line 250
[01-Jul-2018 03:37:08 UTC] PHP Fatal error:  Allowed memory size of 134217728 bytes exhausted (tried to allocate 65536 bytes) in /home/wxfx36uv3844/public_html/vendor/magento/module-gift-message/Block/Message/Inline.php on line 58
[01-Jul-2018 03:37:30 UTC] PHP Fatal error:  Allowed memory size of 134217728 bytes exhausted (tried to allocate 20480 bytes) in /home/wxfx36uv3844/public_html/vendor/oyejorge/less.php/lib/Less/Parser.php on line 878
[01-Jul-2018 08:20:28 UTC] PHP Fatal error:  Allowed memory size of 134217728 bytes exhausted (tried to allocate 135168 bytes) in /home/wxfx36uv3844/public_html/vendor/oyejorge/less.php/lib/Less/Tree/Ruleset.php on line 250
[01-Jul-2018 08:20:57 UTC] PHP Fatal error:  Allowed memory size of 134217728 bytes exhausted (tried to allocate 135168 bytes) in /home/wxfx36uv3844/public_html/vendor/oyejorge/less.php/lib/Less/Tree/Ruleset.php on line 250
[01-Jul-2018 14:56:12 UTC] PHP Fatal error:  Allowed memory size of 134217728 bytes exhausted (tried to allocate 32768 bytes) in /home/wxfx36uv3844/public_html/vendor/magento/module-instant-purchase/Model/InstantPurchaseOption.php on line 1
[01-Jul-2018 14:56:29 UTC] PHP Fatal error:  Allowed memory size of 134217728 bytes exhausted (tried to allocate 135168 bytes) in /home/wxfx36uv3844/public_html/vendor/oyejorge/less.php/lib/Less/Tree/Ruleset.php on line 250
[01-Jul-2018 16:07:55 UTC] PHP Fatal error:  Allowed memory size of 134217728 bytes exhausted (tried to allocate 20480 bytes) in /home/wxfx36uv3844/public_html/vendor/oyejorge/less.php/lib/Less/Tree/Selector.php on line 103
[01-Jul-2018 16:08:28 UTC] PHP Fatal error:  Allowed memory size of 134217728 bytes exhausted (tried to allocate 2097160 bytes) in /home/wxfx36uv3844/public_html/vendor/oyejorge/less.php/lib/Less/Output.php on line 27
[01-Jul-2018 16:58:28 UTC] PHP Fatal error:  Allowed memory size of 134217728 bytes exhausted (tried to allocate 65536 bytes) in /home/wxfx36uv3844/public_html/vendor/magento/module-gift-message/Block/Message/Inline.php on line 58
[01-Jul-2018 17:53:18 UTC] PHP Fatal error:  Allowed memory size of 134217728 bytes exhausted (tried to allocate 36864 bytes) in /home/wxfx36uv3844/public_html/setup/src/Magento/Setup/Module/Di/Code/Reader/FileClassScanner.php on line 81
[01-Jul-2018 19:07:38 UTC] PHP Parse error:  syntax error, unexpected end of file in /home/wxfx36uv3844/public_html/app/design/frontend/Codazon/fastest/westylefashion/Magento_Checkout/templates/cart_btm_left.phtml on line 28
[01-Jul-2018 19:07:57 UTC] PHP Fatal error:  Uncaught Error: Class 'Mage' not found in /home/wxfx36uv3844/public_html/app/design/frontend/Codazon/fastest/westylefashion/Magento_Checkout/templates/cart_btm_left.phtml:21
Stack trace:
#0 /home/wxfx36uv3844/public_html/vendor/magento/framework/View/TemplateEngine/Php.php(59): include()
#1 /home/wxfx36uv3844/public_html/vendor/magento/framework/View/Element/Template.php(270): Magento\Framework\View\TemplateEngine\Php->render(Object(Magento\Framework\View\Element\Template), '/home/wxfx36uv3...', Array)
#2 /home/wxfx36uv3844/public_html/vendor/magento/framework/View/Element/Template.php(300): Magento\Framework\View\Element\Template->fetchView('/home/wxfx36uv3...')
#3 /home/wxfx36uv3844/public_html/vendor/magento/framework/View/Element/AbstractBlock.php(667): Magento\Framework\View\Element\Template->_toHtml()
#4 /home/wxfx36uv3844/public_html/vendor/magento/framework/View/Layout.php(558): Magento\Framework\View\Element\AbstractBlock->toHtml()
#5 /home/wxfx36uv3844/public_html/vendor/magento/framework/View/Layou in /home/wxfx36uv3844/public_html/app/design/frontend/Codazon/fastest/westylefashion/Magento_Checkout/templates/cart_btm_left.phtml on line 21
[01-Jul-2018 19:10:13 UTC] PHP Fatal error:  Uncaught Error: Call to a member function getId() on null in /home/wxfx36uv3844/public_html/app/design/frontend/Codazon/fastest/westylefashion/Magento_Checkout/templates/cart_btm_left.phtml:37
Stack trace:
#0 /home/wxfx36uv3844/public_html/vendor/magento/framework/View/TemplateEngine/Php.php(59): include()
#1 /home/wxfx36uv3844/public_html/vendor/magento/framework/View/Element/Template.php(270): Magento\Framework\View\TemplateEngine\Php->render(Object(Magento\Framework\View\Element\Template), '/home/wxfx36uv3...', Array)
#2 /home/wxfx36uv3844/public_html/vendor/magento/framework/View/Element/Template.php(300): Magento\Framework\View\Element\Template->fetchView('/home/wxfx36uv3...')
#3 /home/wxfx36uv3844/public_html/vendor/magento/framework/View/Element/AbstractBlock.php(667): Magento\Framework\View\Element\Template->_toHtml()
#4 /home/wxfx36uv3844/public_html/vendor/magento/framework/View/Layout.php(558): Magento\Framework\View\Element\AbstractBlock->toHtml()
#5 /home/wxfx36uv3844/public_html/vendor/magento/f in /home/wxfx36uv3844/public_html/app/design/frontend/Codazon/fastest/westylefashion/Magento_Checkout/templates/cart_btm_left.phtml on line 37
[01-Jul-2018 19:11:03 UTC] PHP Fatal error:  Uncaught Error: Class 'Mage' not found in /home/wxfx36uv3844/public_html/app/design/frontend/Codazon/fastest/westylefashion/Magento_Checkout/templates/cart_btm_left.phtml:20
Stack trace:
#0 /home/wxfx36uv3844/public_html/vendor/magento/framework/View/TemplateEngine/Php.php(59): include()
#1 /home/wxfx36uv3844/public_html/vendor/magento/framework/View/Element/Template.php(270): Magento\Framework\View\TemplateEngine\Php->render(Object(Magento\Framework\View\Element\Template), '/home/wxfx36uv3...', Array)
#2 /home/wxfx36uv3844/public_html/vendor/magento/framework/View/Element/Template.php(300): Magento\Framework\View\Element\Template->fetchView('/home/wxfx36uv3...')
#3 /home/wxfx36uv3844/public_html/vendor/magento/framework/View/Element/AbstractBlock.php(667): Magento\Framework\View\Element\Template->_toHtml()
#4 /home/wxfx36uv3844/public_html/vendor/magento/framework/View/Layout.php(558): Magento\Framework\View\Element\AbstractBlock->toHtml()
#5 /home/wxfx36uv3844/public_html/vendor/magento/framework/View/Layou in /home/wxfx36uv3844/public_html/app/design/frontend/Codazon/fastest/westylefashion/Magento_Checkout/templates/cart_btm_left.phtml on line 20
[02-Jul-2018 04:43:26 UTC] PHP Fatal error:  Uncaught Error: Call to a member function getName() on null in /home/wxfx36uv3844/public_html/app/design/frontend/Codazon/fastest/westylefashion/Magento_Customer/templates/account/link/authorization.phtml:35
Stack trace:
#0 /home/wxfx36uv3844/public_html/vendor/magento/framework/View/TemplateEngine/Php.php(59): include()
#1 /home/wxfx36uv3844/public_html/vendor/magento/framework/View/Element/Template.php(270): Magento\Framework\View\TemplateEngine\Php->render(Object(Magento\Customer\Block\Account\AuthorizationLink), '/home/wxfx36uv3...', Array)
#2 /home/wxfx36uv3844/public_html/vendor/magento/framework/View/Element/Template.php(300): Magento\Framework\View\Element\Template->fetchView('/home/wxfx36uv3...')
#3 /home/wxfx36uv3844/public_html/vendor/magento/framework/View/Element/Html/Link.php(101): Magento\Framework\View\Element\Template->_toHtml()
#4 /home/wxfx36uv3844/public_html/vendor/magento/framework/View/Element/AbstractBlock.php(667): Magento\Framework\View\Element\Html\Link->_toHtml()
#5 /home/wxfx36uv3 in /home/wxfx36uv3844/public_html/app/design/frontend/Codazon/fastest/westylefashion/Magento_Customer/templates/account/link/authorization.phtml on line 35
[02-Jul-2018 04:43:28 UTC] PHP Fatal error:  Uncaught Error: Call to a member function getName() on null in /home/wxfx36uv3844/public_html/app/design/frontend/Codazon/fastest/westylefashion/Magento_Customer/templates/account/link/authorization.phtml:35
Stack trace:
#0 /home/wxfx36uv3844/public_html/vendor/magento/framework/View/TemplateEngine/Php.php(59): include()
#1 /home/wxfx36uv3844/public_html/vendor/magento/framework/View/Element/Template.php(270): Magento\Framework\View\TemplateEngine\Php->render(Object(Magento\Customer\Block\Account\AuthorizationLink), '/home/wxfx36uv3...', Array)
#2 /home/wxfx36uv3844/public_html/vendor/magento/framework/View/Element/Template.php(300): Magento\Framework\View\Element\Template->fetchView('/home/wxfx36uv3...')
#3 /home/wxfx36uv3844/public_html/vendor/magento/framework/View/Element/Html/Link.php(101): Magento\Framework\View\Element\Template->_toHtml()
#4 /home/wxfx36uv3844/public_html/vendor/magento/framework/View/Element/AbstractBlock.php(667): Magento\Framework\View\Element\Html\Link->_toHtml()
#5 /home/wxfx36uv3 in /home/wxfx36uv3844/public_html/app/design/frontend/Codazon/fastest/westylefashion/Magento_Customer/templates/account/link/authorization.phtml on line 35
[02-Jul-2018 04:46:06 UTC] PHP Fatal error:  Uncaught Error: Call to a member function getData() on null in /home/wxfx36uv3844/public_html/app/design/frontend/Codazon/fastest/westylefashion/Magento_Customer/templates/account/link/authorization.phtml:16
Stack trace:
#0 /home/wxfx36uv3844/public_html/vendor/magento/framework/View/TemplateEngine/Php.php(59): include()
#1 /home/wxfx36uv3844/public_html/vendor/magento/framework/View/Element/Template.php(270): Magento\Framework\View\TemplateEngine\Php->render(Object(Magento\Customer\Block\Account\AuthorizationLink), '/home/wxfx36uv3...', Array)
#2 /home/wxfx36uv3844/public_html/vendor/magento/framework/View/Element/Template.php(300): Magento\Framework\View\Element\Template->fetchView('/home/wxfx36uv3...')
#3 /home/wxfx36uv3844/public_html/vendor/magento/framework/View/Element/Html/Link.php(101): Magento\Framework\View\Element\Template->_toHtml()
#4 /home/wxfx36uv3844/public_html/vendor/magento/framework/View/Element/AbstractBlock.php(667): Magento\Framework\View\Element\Html\Link->_toHtml()
#5 /home/wxfx36uv3 in /home/wxfx36uv3844/public_html/app/design/frontend/Codazon/fastest/westylefashion/Magento_Customer/templates/account/link/authorization.phtml on line 16
[02-Jul-2018 04:46:08 UTC] PHP Fatal error:  Uncaught Error: Call to a member function getData() on null in /home/wxfx36uv3844/public_html/app/design/frontend/Codazon/fastest/westylefashion/Magento_Customer/templates/account/link/authorization.phtml:16
Stack trace:
#0 /home/wxfx36uv3844/public_html/vendor/magento/framework/View/TemplateEngine/Php.php(59): include()
#1 /home/wxfx36uv3844/public_html/vendor/magento/framework/View/Element/Template.php(270): Magento\Framework\View\TemplateEngine\Php->render(Object(Magento\Customer\Block\Account\AuthorizationLink), '/home/wxfx36uv3...', Array)
#2 /home/wxfx36uv3844/public_html/vendor/magento/framework/View/Element/Template.php(300): Magento\Framework\View\Element\Template->fetchView('/home/wxfx36uv3...')
#3 /home/wxfx36uv3844/public_html/vendor/magento/framework/View/Element/Html/Link.php(101): Magento\Framework\View\Element\Template->_toHtml()
#4 /home/wxfx36uv3844/public_html/vendor/magento/framework/View/Element/AbstractBlock.php(667): Magento\Framework\View\Element\Html\Link->_toHtml()
#5 /home/wxfx36uv3 in /home/wxfx36uv3844/public_html/app/design/frontend/Codazon/fastest/westylefashion/Magento_Customer/templates/account/link/authorization.phtml on line 16
[02-Jul-2018 04:56:05 UTC] PHP Fatal error:  Uncaught Error: Cannot access protected property Magento\Customer\Block\Account\AuthorizationLink::$_storeManager in /home/wxfx36uv3844/public_html/vendor/magento/framework/View/TemplateEngine/Php.php:110
Stack trace:
#0 /home/wxfx36uv3844/public_html/app/design/frontend/Codazon/fastest/westylefashion/Magento_Customer/templates/account/link/authorization.phtml(44): Magento\Framework\View\TemplateEngine\Php->__get('_storeManager')
#1 /home/wxfx36uv3844/public_html/vendor/magento/framework/View/TemplateEngine/Php.php(59): include('/home/wxfx36uv3...')
#2 /home/wxfx36uv3844/public_html/vendor/magento/framework/View/Element/Template.php(270): Magento\Framework\View\TemplateEngine\Php->render(Object(Magento\Customer\Block\Account\AuthorizationLink), '/home/wxfx36uv3...', Array)
#3 /home/wxfx36uv3844/public_html/vendor/magento/framework/View/Element/Template.php(300): Magento\Framework\View\Element\Template->fetchView('/home/wxfx36uv3...')
#4 /home/wxfx36uv3844/public_html/vendor/magento/framework/View/Element/Html in /home/wxfx36uv3844/public_html/vendor/magento/framework/View/TemplateEngine/Php.php on line 110
[02-Jul-2018 04:56:06 UTC] PHP Fatal error:  Uncaught Error: Cannot access protected property Magento\Customer\Block\Account\AuthorizationLink::$_storeManager in /home/wxfx36uv3844/public_html/vendor/magento/framework/View/TemplateEngine/Php.php:110
Stack trace:
#0 /home/wxfx36uv3844/public_html/app/design/frontend/Codazon/fastest/westylefashion/Magento_Customer/templates/account/link/authorization.phtml(44): Magento\Framework\View\TemplateEngine\Php->__get('_storeManager')
#1 /home/wxfx36uv3844/public_html/vendor/magento/framework/View/TemplateEngine/Php.php(59): include('/home/wxfx36uv3...')
#2 /home/wxfx36uv3844/public_html/vendor/magento/framework/View/Element/Template.php(270): Magento\Framework\View\TemplateEngine\Php->render(Object(Magento\Customer\Block\Account\AuthorizationLink), '/home/wxfx36uv3...', Array)
#3 /home/wxfx36uv3844/public_html/vendor/magento/framework/View/Element/Template.php(300): Magento\Framework\View\Element\Template->fetchView('/home/wxfx36uv3...')
#4 /home/wxfx36uv3844/public_html/vendor/magento/framework/View/Element/Html in /home/wxfx36uv3844/public_html/vendor/magento/framework/View/TemplateEngine/Php.php on line 110
[02-Jul-2018 04:56:08 UTC] PHP Fatal error:  Uncaught Error: Cannot access protected property Magento\Customer\Block\Account\AuthorizationLink::$_storeManager in /home/wxfx36uv3844/public_html/vendor/magento/framework/View/TemplateEngine/Php.php:110
Stack trace:
#0 /home/wxfx36uv3844/public_html/app/design/frontend/Codazon/fastest/westylefashion/Magento_Customer/templates/account/link/authorization.phtml(44): Magento\Framework\View\TemplateEngine\Php->__get('_storeManager')
#1 /home/wxfx36uv3844/public_html/vendor/magento/framework/View/TemplateEngine/Php.php(59): include('/home/wxfx36uv3...')
#2 /home/wxfx36uv3844/public_html/vendor/magento/framework/View/Element/Template.php(270): Magento\Framework\View\TemplateEngine\Php->render(Object(Magento\Customer\Block\Account\AuthorizationLink), '/home/wxfx36uv3...', Array)
#3 /home/wxfx36uv3844/public_html/vendor/magento/framework/View/Element/Template.php(300): Magento\Framework\View\Element\Template->fetchView('/home/wxfx36uv3...')
#4 /home/wxfx36uv3844/public_html/vendor/magento/framework/View/Element/Html in /home/wxfx36uv3844/public_html/vendor/magento/framework/View/TemplateEngine/Php.php on line 110
[02-Jul-2018 09:01:41 UTC] PHP Fatal error:  Allowed memory size of 134217728 bytes exhausted (tried to allocate 69632 bytes) in /home/wxfx36uv3844/public_html/setup/src/Magento/Setup/Module/Di/Code/Reader/FileClassScanner.php on line 81
[02-Jul-2018 11:17:57 UTC] PHP Fatal error:  Uncaught Error: Call to a member function setItems() on boolean in /home/wxfx36uv3844/public_html/vendor/magento/module-wishlist/view/frontend/templates/view.phtml:23
Stack trace:
#0 /home/wxfx36uv3844/public_html/vendor/magento/framework/View/TemplateEngine/Php.php(59): include()
#1 /home/wxfx36uv3844/public_html/vendor/magento/framework/View/Element/Template.php(270): Magento\Framework\View\TemplateEngine\Php->render(Object(Magento\Wishlist\Block\Customer\Wishlist\Interceptor), '/home/wxfx36uv3...', Array)
#2 /home/wxfx36uv3844/public_html/generated/code/Magento/Wishlist/Block/Customer/Wishlist/Interceptor.php(713): Magento\Framework\View\Element\Template->fetchView('/home/wxfx36uv3...')
#3 /home/wxfx36uv3844/public_html/vendor/magento/framework/View/Element/Template.php(300): Magento\Wishlist\Block\Customer\Wishlist\Interceptor->fetchView('/home/wxfx36uv3...')
#4 /home/wxfx36uv3844/public_html/vendor/magento/module-wishlist/Block/Customer/Wishlist.php(217): Magento\Framework\View\Element\Template->_toHtml( in /home/wxfx36uv3844/public_html/vendor/magento/module-wishlist/view/frontend/templates/view.phtml on line 23
[02-Jul-2018 11:18:43 UTC] PHP Fatal error:  Uncaught Error: Call to a member function setItems() on boolean in /home/wxfx36uv3844/public_html/vendor/magento/module-wishlist/view/frontend/templates/view.phtml:23
Stack trace:
#0 /home/wxfx36uv3844/public_html/vendor/magento/framework/View/TemplateEngine/Php.php(59): include()
#1 /home/wxfx36uv3844/public_html/vendor/magento/framework/View/Element/Template.php(270): Magento\Framework\View\TemplateEngine\Php->render(Object(Magento\Wishlist\Block\Customer\Wishlist\Interceptor), '/home/wxfx36uv3...', Array)
#2 /home/wxfx36uv3844/public_html/generated/code/Magento/Wishlist/Block/Customer/Wishlist/Interceptor.php(713): Magento\Framework\View\Element\Template->fetchView('/home/wxfx36uv3...')
#3 /home/wxfx36uv3844/public_html/vendor/magento/framework/View/Element/Template.php(300): Magento\Wishlist\Block\Customer\Wishlist\Interceptor->fetchView('/home/wxfx36uv3...')
#4 /home/wxfx36uv3844/public_html/vendor/magento/module-wishlist/Block/Customer/Wishlist.php(217): Magento\Framework\View\Element\Template->_toHtml( in /home/wxfx36uv3844/public_html/vendor/magento/module-wishlist/view/frontend/templates/view.phtml on line 23
[02-Jul-2018 11:18:49 UTC] PHP Fatal error:  Uncaught Error: Call to a member function setItems() on boolean in /home/wxfx36uv3844/public_html/vendor/magento/module-wishlist/view/frontend/templates/view.phtml:23
Stack trace:
#0 /home/wxfx36uv3844/public_html/vendor/magento/framework/View/TemplateEngine/Php.php(59): include()
#1 /home/wxfx36uv3844/public_html/vendor/magento/framework/View/Element/Template.php(270): Magento\Framework\View\TemplateEngine\Php->render(Object(Magento\Wishlist\Block\Customer\Wishlist\Interceptor), '/home/wxfx36uv3...', Array)
#2 /home/wxfx36uv3844/public_html/generated/code/Magento/Wishlist/Block/Customer/Wishlist/Interceptor.php(713): Magento\Framework\View\Element\Template->fetchView('/home/wxfx36uv3...')
#3 /home/wxfx36uv3844/public_html/vendor/magento/framework/View/Element/Template.php(300): Magento\Wishlist\Block\Customer\Wishlist\Interceptor->fetchView('/home/wxfx36uv3...')
#4 /home/wxfx36uv3844/public_html/vendor/magento/module-wishlist/Block/Customer/Wishlist.php(217): Magento\Framework\View\Element\Template->_toHtml( in /home/wxfx36uv3844/public_html/vendor/magento/module-wishlist/view/frontend/templates/view.phtml on line 23
[02-Jul-2018 11:18:52 UTC] PHP Fatal error:  Uncaught Error: Call to a member function setItems() on boolean in /home/wxfx36uv3844/public_html/vendor/magento/module-wishlist/view/frontend/templates/view.phtml:23
Stack trace:
#0 /home/wxfx36uv3844/public_html/vendor/magento/framework/View/TemplateEngine/Php.php(59): include()
#1 /home/wxfx36uv3844/public_html/vendor/magento/framework/View/Element/Template.php(270): Magento\Framework\View\TemplateEngine\Php->render(Object(Magento\Wishlist\Block\Customer\Wishlist\Interceptor), '/home/wxfx36uv3...', Array)
#2 /home/wxfx36uv3844/public_html/generated/code/Magento/Wishlist/Block/Customer/Wishlist/Interceptor.php(713): Magento\Framework\View\Element\Template->fetchView('/home/wxfx36uv3...')
#3 /home/wxfx36uv3844/public_html/vendor/magento/framework/View/Element/Template.php(300): Magento\Wishlist\Block\Customer\Wishlist\Interceptor->fetchView('/home/wxfx36uv3...')
#4 /home/wxfx36uv3844/public_html/vendor/magento/module-wishlist/Block/Customer/Wishlist.php(217): Magento\Framework\View\Element\Template->_toHtml( in /home/wxfx36uv3844/public_html/vendor/magento/module-wishlist/view/frontend/templates/view.phtml on line 23
[02-Jul-2018 11:18:56 UTC] PHP Fatal error:  Uncaught Error: Call to a member function setItems() on boolean in /home/wxfx36uv3844/public_html/vendor/magento/module-wishlist/view/frontend/templates/view.phtml:23
Stack trace:
#0 /home/wxfx36uv3844/public_html/vendor/magento/framework/View/TemplateEngine/Php.php(59): include()
#1 /home/wxfx36uv3844/public_html/vendor/magento/framework/View/Element/Template.php(270): Magento\Framework\View\TemplateEngine\Php->render(Object(Magento\Wishlist\Block\Customer\Wishlist\Interceptor), '/home/wxfx36uv3...', Array)
#2 /home/wxfx36uv3844/public_html/generated/code/Magento/Wishlist/Block/Customer/Wishlist/Interceptor.php(713): Magento\Framework\View\Element\Template->fetchView('/home/wxfx36uv3...')
#3 /home/wxfx36uv3844/public_html/vendor/magento/framework/View/Element/Template.php(300): Magento\Wishlist\Block\Customer\Wishlist\Interceptor->fetchView('/home/wxfx36uv3...')
#4 /home/wxfx36uv3844/public_html/vendor/magento/module-wishlist/Block/Customer/Wishlist.php(217): Magento\Framework\View\Element\Template->_toHtml( in /home/wxfx36uv3844/public_html/vendor/magento/module-wishlist/view/frontend/templates/view.phtml on line 23
[02-Jul-2018 13:18:55 UTC] PHP Fatal error:  Uncaught Error: Call to a member function setItems() on boolean in /home/wxfx36uv3844/public_html/vendor/magento/module-wishlist/view/frontend/templates/view.phtml:23
Stack trace:
#0 /home/wxfx36uv3844/public_html/vendor/magento/framework/View/TemplateEngine/Php.php(59): include()
#1 /home/wxfx36uv3844/public_html/vendor/magento/framework/View/Element/Template.php(270): Magento\Framework\View\TemplateEngine\Php->render(Object(Magento\Wishlist\Block\Customer\Wishlist\Interceptor), '/home/wxfx36uv3...', Array)
#2 /home/wxfx36uv3844/public_html/generated/code/Magento/Wishlist/Block/Customer/Wishlist/Interceptor.php(713): Magento\Framework\View\Element\Template->fetchView('/home/wxfx36uv3...')
#3 /home/wxfx36uv3844/public_html/vendor/magento/framework/View/Element/Template.php(300): Magento\Wishlist\Block\Customer\Wishlist\Interceptor->fetchView('/home/wxfx36uv3...')
#4 /home/wxfx36uv3844/public_html/vendor/magento/module-wishlist/Block/Customer/Wishlist.php(217): Magento\Framework\View\Element\Template->_toHtml( in /home/wxfx36uv3844/public_html/vendor/magento/module-wishlist/view/frontend/templates/view.phtml on line 23
[02-Jul-2018 13:26:40 UTC] PHP Fatal error:  Uncaught Error: Call to a member function setItems() on boolean in /home/wxfx36uv3844/public_html/vendor/magento/module-wishlist/view/frontend/templates/view.phtml:23
Stack trace:
#0 /home/wxfx36uv3844/public_html/vendor/magento/framework/View/TemplateEngine/Php.php(59): include()
#1 /home/wxfx36uv3844/public_html/vendor/magento/framework/View/Element/Template.php(270): Magento\Framework\View\TemplateEngine\Php->render(Object(Magento\Wishlist\Block\Customer\Wishlist\Interceptor), '/home/wxfx36uv3...', Array)
#2 /home/wxfx36uv3844/public_html/generated/code/Magento/Wishlist/Block/Customer/Wishlist/Interceptor.php(713): Magento\Framework\View\Element\Template->fetchView('/home/wxfx36uv3...')
#3 /home/wxfx36uv3844/public_html/vendor/magento/framework/View/Element/Template.php(300): Magento\Wishlist\Block\Customer\Wishlist\Interceptor->fetchView('/home/wxfx36uv3...')
#4 /home/wxfx36uv3844/public_html/vendor/magento/module-wishlist/Block/Customer/Wishlist.php(217): Magento\Framework\View\Element\Template->_toHtml( in /home/wxfx36uv3844/public_html/vendor/magento/module-wishlist/view/frontend/templates/view.phtml on line 23
[02-Jul-2018 14:21:39 UTC] PHP Fatal error:  Allowed memory size of 134217728 bytes exhausted (tried to allocate 135168 bytes) in /home/wxfx36uv3844/public_html/vendor/oyejorge/less.php/lib/Less/Tree/Ruleset.php on line 250
[03-Jul-2018 05:18:49 UTC] PHP Fatal error:  Allowed memory size of 134217728 bytes exhausted (tried to allocate 36864 bytes) in /home/wxfx36uv3844/public_html/setup/src/Magento/Setup/Module/Di/Code/Reader/FileClassScanner.php on line 81
[03-Jul-2018 05:32:49 UTC] PHP Fatal error:  Uncaught Error: Cannot instantiate interface Codazon\ThemeOptions\Framework\App\Config\Scope\ReaderPoolInterface in /home/wxfx36uv3844/public_html/vendor/magento/framework/ObjectManager/Factory/Dynamic/Developer.php:50
Stack trace:
#0 /home/wxfx36uv3844/public_html/vendor/magento/framework/ObjectManager/ObjectManager.php(70): Magento\Framework\ObjectManager\Factory\Dynamic\Developer->create('Codazon\\ThemeOp...')
#1 /home/wxfx36uv3844/public_html/vendor/magento/framework/ObjectManager/Factory/AbstractFactory.php(144): Magento\Framework\ObjectManager\ObjectManager->get('Codazon\\ThemeOp...')
#2 /home/wxfx36uv3844/public_html/vendor/magento/framework/ObjectManager/Factory/AbstractFactory.php(230): Magento\Framework\ObjectManager\Factory\AbstractFactory->resolveArgument(Array, 'Codazon\\ThemeOp...', NULL, 'readerPool', 'Codazon\\ThemeOp...')
#3 /home/wxfx36uv3844/public_html/vendor/magento/framework/ObjectManager/Factory/Dynamic/Developer.php(34): Magento\Framework\ObjectManager\Factory\AbstractFactory->resolveA in /home/wxfx36uv3844/public_html/vendor/magento/framework/ObjectManager/Factory/Dynamic/Developer.php on line 50
[03-Jul-2018 05:33:39 UTC] PHP Fatal error:  Uncaught Error: Cannot instantiate interface Codazon\ThemeOptions\Framework\App\Config\Scope\ReaderPoolInterface in /home/wxfx36uv3844/public_html/vendor/magento/framework/ObjectManager/Factory/Dynamic/Developer.php:50
Stack trace:
#0 /home/wxfx36uv3844/public_html/vendor/magento/framework/ObjectManager/ObjectManager.php(70): Magento\Framework\ObjectManager\Factory\Dynamic\Developer->create('Codazon\\ThemeOp...')
#1 /home/wxfx36uv3844/public_html/vendor/magento/framework/ObjectManager/Factory/AbstractFactory.php(144): Magento\Framework\ObjectManager\ObjectManager->get('Codazon\\ThemeOp...')
#2 /home/wxfx36uv3844/public_html/vendor/magento/framework/ObjectManager/Factory/AbstractFactory.php(230): Magento\Framework\ObjectManager\Factory\AbstractFactory->resolveArgument(Array, 'Codazon\\ThemeOp...', NULL, 'readerPool', 'Codazon\\ThemeOp...')
#3 /home/wxfx36uv3844/public_html/vendor/magento/framework/ObjectManager/Factory/Dynamic/Developer.php(34): Magento\Framework\ObjectManager\Factory\AbstractFactory->resolveA in /home/wxfx36uv3844/public_html/vendor/magento/framework/ObjectManager/Factory/Dynamic/Developer.php on line 50
[03-Jul-2018 06:14:56 UTC] PHP Fatal error:  Allowed memory size of 134217728 bytes exhausted (tried to allocate 20480 bytes) in /home/wxfx36uv3844/public_html/vendor/oyejorge/less.php/lib/Less/Tree/Selector.php on line 103
[03-Jul-2018 06:55:59 UTC] PHP Fatal error:  Allowed memory size of 134217728 bytes exhausted (tried to allocate 65536 bytes) in /home/wxfx36uv3844/public_html/vendor/magento/module-payment/Helper/Data.php on line 90
[03-Jul-2018 09:44:32 UTC] PHP Fatal error:  Allowed memory size of 134217728 bytes exhausted (tried to allocate 65536 bytes) in /home/wxfx36uv3844/public_html/vendor/magento/module-gift-message/Model/Save.php on line 13
[03-Jul-2018 11:08:02 UTC] PHP Fatal error:  Allowed memory size of 134217728 bytes exhausted (tried to allocate 8388608 bytes) in /home/wxfx36uv3844/public_html/vendor/magento/framework/App/ObjectManager/ConfigLoader/Compiled.php on line 31
[06-Jul-2018 19:52:18 UTC] PHP Fatal error:  Uncaught Error: Call to undefined method Magento\Wishlist\Model\ResourceModel\Item\Collection::escapeHtmlAttr() in /home/wxfx36uv3844/public_html/vendor/magento/module-wishlist/view/frontend/templates/item/list.phtml:24
Stack trace:
#0 /home/wxfx36uv3844/public_html/vendor/magento/framework/View/TemplateEngine/Php.php(59): include()
#1 /home/wxfx36uv3844/public_html/vendor/magento/framework/View/Element/Template.php(270): Magento\Framework\View\TemplateEngine\Php->render(Object(Magento\Wishlist\Model\ResourceModel\Item\Collection), '/home/wxfx36uv3...', Array)
#2 /home/wxfx36uv3844/public_html/vendor/magento/framework/View/Element/Template.php(300): Magento\Framework\View\Element\Template->fetchView('/home/wxfx36uv3...')
#3 /home/wxfx36uv3844/public_html/vendor/magento/framework/View/Element/AbstractBlock.php(667): Magento\Framework\View\Element\Template->_toHtml()
#4 /home/wxfx36uv3844/public_html/vendor/magento/framework/View/Layout.php(558): Magento\Framework\View\Element\AbstractBlock->toHtml()
#5 /home/w in /home/wxfx36uv3844/public_html/vendor/magento/module-wishlist/view/frontend/templates/item/list.phtml on line 24
[06-Jul-2018 20:00:17 UTC] PHP Fatal error:  Uncaught Error: Call to undefined method Magento\Wishlist\Model\ResourceModel\Item\Collection::escapeHtml() in /home/wxfx36uv3844/public_html/app/design/frontend/Codazon/fastest/westylefashion/Magento_Wishlist/templates/item/list-cart.phtml:35
Stack trace:
#0 /home/wxfx36uv3844/public_html/vendor/magento/framework/View/TemplateEngine/Php.php(59): include()
#1 /home/wxfx36uv3844/public_html/vendor/magento/framework/View/Element/Template.php(270): Magento\Framework\View\TemplateEngine\Php->render(Object(Magento\Wishlist\Model\ResourceModel\Item\Collection), '/home/wxfx36uv3...', Array)
#2 /home/wxfx36uv3844/public_html/vendor/magento/framework/View/Element/Template.php(300): Magento\Framework\View\Element\Template->fetchView('/home/wxfx36uv3...')
#3 /home/wxfx36uv3844/public_html/vendor/magento/framework/View/Element/AbstractBlock.php(667): Magento\Framework\View\Element\Template->_toHtml()
#4 /home/wxfx36uv3844/public_html/vendor/magento/framework/View/Layout.php(558): Magento\Framework\View\Element\AbstractBl in /home/wxfx36uv3844/public_html/app/design/frontend/Codazon/fastest/westylefashion/Magento_Wishlist/templates/item/list-cart.phtml on line 35
[17-Jul-2018 10:20:45 UTC] PHP Fatal error:  Uncaught Error: Class 'Yabacon\Paystack' not found in /home/wxfx36uv3844/public_html/app/code/Pstk/Paystack/Model/Payment.php:34
Stack trace:
#0 /home/wxfx36uv3844/public_html/vendor/magento/framework/ObjectManager/Factory/AbstractFactory.php(111): Pstk\Paystack\Model\Payment->__construct(Object(Magento\Payment\Helper\Data\Interceptor), Object(Magento\Framework\Event\Manager))
#1 /home/wxfx36uv3844/public_html/vendor/magento/framework/ObjectManager/Factory/Dynamic/Developer.php(66): Magento\Framework\ObjectManager\Factory\AbstractFactory->createObject('Pstk\\Paystack\\M...', Array)
#2 /home/wxfx36uv3844/public_html/vendor/magento/framework/ObjectManager/ObjectManager.php(70): Magento\Framework\ObjectManager\Factory\Dynamic\Developer->create('Pstk\\Paystack\\M...')
#3 /home/wxfx36uv3844/public_html/vendor/magento/module-webapi/Controller/Rest.php(328): Magento\Framework\ObjectManager\ObjectManager->get('Pstk\\Paystack\\M...')
#4 /home/wxfx36uv3844/public_html/vendor/magento/module-webapi/Controller/Rest.php(23 in /home/wxfx36uv3844/public_html/app/code/Pstk/Paystack/Model/Payment.php on line 34
[17-Jul-2018 10:30:08 UTC] PHP Fatal error:  Uncaught Error: Class 'Composer\Package\Version\VersionParser' not found in /home/wxfx36uv3844/public_html/vendor/composer/composer/src/Composer/Factory.php:345
Stack trace:
#0 /home/wxfx36uv3844/public_html/vendor/composer/composer/src/Composer/Factory.php(569): Composer\Factory->createComposer(Object(Composer\IO\BufferIO), Array, false)
#1 /home/wxfx36uv3844/public_html/vendor/magento/framework/Composer/ComposerFactory.php(47): Composer\Factory::create(Object(Composer\IO\BufferIO), '/home/wxfx36uv3...')
#2 /home/wxfx36uv3844/public_html/vendor/magento/framework/Composer/ComposerInformation.php(362): Magento\Framework\Composer\ComposerFactory->create()
#3 /home/wxfx36uv3844/public_html/vendor/magento/framework/Composer/ComposerInformation.php(375): Magento\Framework\Composer\ComposerInformation->getComposer()
#4 /home/wxfx36uv3844/public_html/vendor/magento/framework/Composer/ComposerInformation.php(242): Magento\Framework\Composer\ComposerInformation->getLocker()
#5 /home/wxfx36uv3844/public_html/vendor/mag in /home/wxfx36uv3844/public_html/vendor/composer/composer/src/Composer/Factory.php on line 345
[17-Jul-2018 10:30:37 UTC] PHP Fatal error:  Uncaught Error: Class 'Composer\Package\Version\VersionParser' not found in /home/wxfx36uv3844/public_html/vendor/composer/composer/src/Composer/Factory.php:345
Stack trace:
#0 /home/wxfx36uv3844/public_html/vendor/composer/composer/src/Composer/Factory.php(569): Composer\Factory->createComposer(Object(Composer\IO\BufferIO), Array, false)
#1 /home/wxfx36uv3844/public_html/vendor/magento/framework/Composer/ComposerFactory.php(47): Composer\Factory::create(Object(Composer\IO\BufferIO), '/home/wxfx36uv3...')
#2 /home/wxfx36uv3844/public_html/vendor/magento/framework/Composer/ComposerInformation.php(362): Magento\Framework\Composer\ComposerFactory->create()
#3 /home/wxfx36uv3844/public_html/vendor/magento/framework/Composer/ComposerInformation.php(375): Magento\Framework\Composer\ComposerInformation->getComposer()
#4 /home/wxfx36uv3844/public_html/vendor/magento/framework/Composer/ComposerInformation.php(242): Magento\Framework\Composer\ComposerInformation->getLocker()
#5 /home/wxfx36uv3844/public_html/vendor/mag in /home/wxfx36uv3844/public_html/vendor/composer/composer/src/Composer/Factory.php on line 345
[20-Jul-2018 12:19:59 UTC] PHP Parse error:  syntax error, unexpected end of file, expecting elseif (T_ELSEIF) or else (T_ELSE) or endif (T_ENDIF) in /home/wxfx36uv3844/public_html/app/code/Drc/Storepickup/view/frontend/templates/stores.phtml on line 100
[27-Jul-2018 09:12:49 UTC] PHP Parse error:  syntax error, unexpected '?>' in /home/wxfx36uv3844/public_html/vendor/magento/module-review/view/frontend/templates/form.phtml on line 97
[31-Jul-2018 11:23:37 UTC] PHP Fatal error:  Allowed memory size of 792723456 bytes exhausted (tried to allocate 534777856 bytes) in /home/wxfx36uv3844/public_html/testscript.php on line 12
[31-Jul-2018 11:28:06 UTC] PHP Fatal error:  Uncaught PDOException: SQLSTATE[42S22]: Column not found: 1054 Unknown column 'id' in 'order clause' in /home/wxfx36uv3844/public_html/vendor/magento/zendframework1/library/Zend/Db/Statement/Pdo.php:228
Stack trace:
#0 /home/wxfx36uv3844/public_html/vendor/magento/zendframework1/library/Zend/Db/Statement/Pdo.php(228): PDOStatement->execute(Array)
#1 /home/wxfx36uv3844/public_html/vendor/magento/framework/DB/Statement/Pdo/Mysql.php(93): Zend_Db_Statement_Pdo->_execute(Array)
#2 /home/wxfx36uv3844/public_html/vendor/magento/zendframework1/library/Zend/Db/Statement.php(303): Magento\Framework\DB\Statement\Pdo\Mysql->_execute(Array)
#3 /home/wxfx36uv3844/public_html/vendor/magento/zendframework1/library/Zend/Db/Adapter/Abstract.php(480): Zend_Db_Statement->execute(Array)
#4 /home/wxfx36uv3844/public_html/vendor/magento/zendframework1/library/Zend/Db/Adapter/Pdo/Abstract.php(238): Zend_Db_Adapter_Abstract->query('SELECT `main_ta...', Array)
#5 /home/wxfx36uv3844/public_html/vendor/magento/framework/DB/Adapter/Pdo/ in /home/wxfx36uv3844/public_html/vendor/magento/zendframework1/library/Zend/Db/Statement/Pdo.php on line 235
[31-Jul-2018 11:29:54 UTC] PHP Notice:  Undefined variable: prdcollation in /home/wxfx36uv3844/public_html/testscript.php on line 10
[31-Jul-2018 11:29:54 UTC] PHP Fatal error:  Uncaught Error: Call to a member function getData() on null in /home/wxfx36uv3844/public_html/testscript.php:10
Stack trace:
#0 {main}
  thrown in /home/wxfx36uv3844/public_html/testscript.php on line 10
[02-Aug-2018 05:57:03 UTC] PHP Parse error:  syntax error, unexpected 'echo' (T_ECHO) in /home/wxfx36uv3844/public_html/app/design/frontend/Codazon/fastest/westylefashion/Magento_Checkout/templates/cart/item/default.phtml on line 110
[02-Aug-2018 06:38:22 UTC] PHP Parse error:  syntax error, unexpected '?>' in /home/wxfx36uv3844/public_html/app/design/frontend/Codazon/fastest/westylefashion/Magento_Checkout/templates/cart/form.phtml on line 145
[13-Aug-2018 11:47:59 UTC] PHP Fatal error:  Uncaught Error: Class 'Mage' not found in /home/wxfx36uv3844/public_html/app/design/frontend/Codazon/fastest/westylefashion/Magento_Checkout/templates/cart_btm_left.phtml:113
Stack trace:
#0 /home/wxfx36uv3844/public_html/vendor/magento/framework/View/TemplateEngine/Php.php(59): include()
#1 /home/wxfx36uv3844/public_html/vendor/magento/framework/View/Element/Template.php(270): Magento\Framework\View\TemplateEngine\Php->render(Object(Magento\Framework\View\Element\Template), '/home/wxfx36uv3...', Array)
#2 /home/wxfx36uv3844/public_html/vendor/magento/framework/View/Element/Template.php(300): Magento\Framework\View\Element\Template->fetchView('/home/wxfx36uv3...')
#3 /home/wxfx36uv3844/public_html/vendor/magento/framework/View/Element/AbstractBlock.php(667): Magento\Framework\View\Element\Template->_toHtml()
#4 /home/wxfx36uv3844/public_html/vendor/magento/framework/View/Layout.php(558): Magento\Framework\View\Element\AbstractBlock->toHtml()
#5 /home/wxfx36uv3844/public_html/vendor/magento/framework/View/Layo in /home/wxfx36uv3844/public_html/app/design/frontend/Codazon/fastest/westylefashion/Magento_Checkout/templates/cart_btm_left.phtml on line 113
[13-Aug-2018 11:48:18 UTC] PHP Fatal error:  Uncaught Error: Class 'Mage' not found in /home/wxfx36uv3844/public_html/app/design/frontend/Codazon/fastest/westylefashion/Magento_Checkout/templates/cart_btm_left.phtml:113
Stack trace:
#0 /home/wxfx36uv3844/public_html/vendor/magento/framework/View/TemplateEngine/Php.php(59): include()
#1 /home/wxfx36uv3844/public_html/vendor/magento/framework/View/Element/Template.php(270): Magento\Framework\View\TemplateEngine\Php->render(Object(Magento\Framework\View\Element\Template), '/home/wxfx36uv3...', Array)
#2 /home/wxfx36uv3844/public_html/vendor/magento/framework/View/Element/Template.php(300): Magento\Framework\View\Element\Template->fetchView('/home/wxfx36uv3...')
#3 /home/wxfx36uv3844/public_html/vendor/magento/framework/View/Element/AbstractBlock.php(667): Magento\Framework\View\Element\Template->_toHtml()
#4 /home/wxfx36uv3844/public_html/vendor/magento/framework/View/Layout.php(558): Magento\Framework\View\Element\AbstractBlock->toHtml()
#5 /home/wxfx36uv3844/public_html/vendor/magento/framework/View/Layo in /home/wxfx36uv3844/public_html/app/design/frontend/Codazon/fastest/westylefashion/Magento_Checkout/templates/cart_btm_left.phtml on line 113
[13-Aug-2018 11:48:36 UTC] PHP Fatal error:  Uncaught Error: Class 'Mage' not found in /home/wxfx36uv3844/public_html/app/design/frontend/Codazon/fastest/westylefashion/Magento_Checkout/templates/cart_btm_left.phtml:113
Stack trace:
#0 /home/wxfx36uv3844/public_html/vendor/magento/framework/View/TemplateEngine/Php.php(59): include()
#1 /home/wxfx36uv3844/public_html/vendor/magento/framework/View/Element/Template.php(270): Magento\Framework\View\TemplateEngine\Php->render(Object(Magento\Framework\View\Element\Template), '/home/wxfx36uv3...', Array)
#2 /home/wxfx36uv3844/public_html/vendor/magento/framework/View/Element/Template.php(300): Magento\Framework\View\Element\Template->fetchView('/home/wxfx36uv3...')
#3 /home/wxfx36uv3844/public_html/vendor/magento/framework/View/Element/AbstractBlock.php(667): Magento\Framework\View\Element\Template->_toHtml()
#4 /home/wxfx36uv3844/public_html/vendor/magento/framework/View/Layout.php(558): Magento\Framework\View\Element\AbstractBlock->toHtml()
#5 /home/wxfx36uv3844/public_html/vendor/magento/framework/View/Layo in /home/wxfx36uv3844/public_html/app/design/frontend/Codazon/fastest/westylefashion/Magento_Checkout/templates/cart_btm_left.phtml on line 113
[13-Aug-2018 11:48:38 UTC] PHP Fatal error:  Uncaught Error: Class 'Mage' not found in /home/wxfx36uv3844/public_html/app/design/frontend/Codazon/fastest/westylefashion/Magento_Checkout/templates/cart_btm_left.phtml:113
Stack trace:
#0 /home/wxfx36uv3844/public_html/vendor/magento/framework/View/TemplateEngine/Php.php(59): include()
#1 /home/wxfx36uv3844/public_html/vendor/magento/framework/View/Element/Template.php(270): Magento\Framework\View\TemplateEngine\Php->render(Object(Magento\Framework\View\Element\Template), '/home/wxfx36uv3...', Array)
#2 /home/wxfx36uv3844/public_html/vendor/magento/framework/View/Element/Template.php(300): Magento\Framework\View\Element\Template->fetchView('/home/wxfx36uv3...')
#3 /home/wxfx36uv3844/public_html/vendor/magento/framework/View/Element/AbstractBlock.php(667): Magento\Framework\View\Element\Template->_toHtml()
#4 /home/wxfx36uv3844/public_html/vendor/magento/framework/View/Layout.php(558): Magento\Framework\View\Element\AbstractBlock->toHtml()
#5 /home/wxfx36uv3844/public_html/vendor/magento/framework/View/Layo in /home/wxfx36uv3844/public_html/app/design/frontend/Codazon/fastest/westylefashion/Magento_Checkout/templates/cart_btm_left.phtml on line 113
[13-Aug-2018 11:48:51 UTC] PHP Fatal error:  Uncaught Error: Class 'Mage' not found in /home/wxfx36uv3844/public_html/app/design/frontend/Codazon/fastest/westylefashion/Magento_Checkout/templates/cart_btm_left.phtml:113
Stack trace:
#0 /home/wxfx36uv3844/public_html/vendor/magento/framework/View/TemplateEngine/Php.php(59): include()
#1 /home/wxfx36uv3844/public_html/vendor/magento/framework/View/Element/Template.php(270): Magento\Framework\View\TemplateEngine\Php->render(Object(Magento\Framework\View\Element\Template), '/home/wxfx36uv3...', Array)
#2 /home/wxfx36uv3844/public_html/vendor/magento/framework/View/Element/Template.php(300): Magento\Framework\View\Element\Template->fetchView('/home/wxfx36uv3...')
#3 /home/wxfx36uv3844/public_html/vendor/magento/framework/View/Element/AbstractBlock.php(667): Magento\Framework\View\Element\Template->_toHtml()
#4 /home/wxfx36uv3844/public_html/vendor/magento/framework/View/Layout.php(558): Magento\Framework\View\Element\AbstractBlock->toHtml()
#5 /home/wxfx36uv3844/public_html/vendor/magento/framework/View/Layo in /home/wxfx36uv3844/public_html/app/design/frontend/Codazon/fastest/westylefashion/Magento_Checkout/templates/cart_btm_left.phtml on line 113
[13-Aug-2018 11:50:19 UTC] PHP Fatal error:  Uncaught Error: Class 'Mage' not found in /home/wxfx36uv3844/public_html/app/design/frontend/Codazon/fastest/westylefashion/Magento_Checkout/templates/cart_btm_left.phtml:114
Stack trace:
#0 /home/wxfx36uv3844/public_html/vendor/magento/framework/View/TemplateEngine/Php.php(59): include()
#1 /home/wxfx36uv3844/public_html/vendor/magento/framework/View/Element/Template.php(270): Magento\Framework\View\TemplateEngine\Php->render(Object(Magento\Framework\View\Element\Template), '/home/wxfx36uv3...', Array)
#2 /home/wxfx36uv3844/public_html/vendor/magento/framework/View/Element/Template.php(300): Magento\Framework\View\Element\Template->fetchView('/home/wxfx36uv3...')
#3 /home/wxfx36uv3844/public_html/vendor/magento/framework/View/Element/AbstractBlock.php(667): Magento\Framework\View\Element\Template->_toHtml()
#4 /home/wxfx36uv3844/public_html/vendor/magento/framework/View/Layout.php(558): Magento\Framework\View\Element\AbstractBlock->toHtml()
#5 /home/wxfx36uv3844/public_html/vendor/magento/framework/View/Layo in /home/wxfx36uv3844/public_html/app/design/frontend/Codazon/fastest/westylefashion/Magento_Checkout/templates/cart_btm_left.phtml on line 114
[13-Aug-2018 11:50:29 UTC] PHP Fatal error:  Uncaught Error: Class 'Mage' not found in /home/wxfx36uv3844/public_html/app/design/frontend/Codazon/fastest/westylefashion/Magento_Checkout/templates/cart_btm_left.phtml:114
Stack trace:
#0 /home/wxfx36uv3844/public_html/vendor/magento/framework/View/TemplateEngine/Php.php(59): include()
#1 /home/wxfx36uv3844/public_html/vendor/magento/framework/View/Element/Template.php(270): Magento\Framework\View\TemplateEngine\Php->render(Object(Magento\Framework\View\Element\Template), '/home/wxfx36uv3...', Array)
#2 /home/wxfx36uv3844/public_html/vendor/magento/framework/View/Element/Template.php(300): Magento\Framework\View\Element\Template->fetchView('/home/wxfx36uv3...')
#3 /home/wxfx36uv3844/public_html/vendor/magento/framework/View/Element/AbstractBlock.php(667): Magento\Framework\View\Element\Template->_toHtml()
#4 /home/wxfx36uv3844/public_html/vendor/magento/framework/View/Layout.php(558): Magento\Framework\View\Element\AbstractBlock->toHtml()
#5 /home/wxfx36uv3844/public_html/vendor/magento/framework/View/Layo in /home/wxfx36uv3844/public_html/app/design/frontend/Codazon/fastest/westylefashion/Magento_Checkout/templates/cart_btm_left.phtml on line 114
[13-Aug-2018 11:50:33 UTC] PHP Fatal error:  Uncaught Error: Class 'Mage' not found in /home/wxfx36uv3844/public_html/app/design/frontend/Codazon/fastest/westylefashion/Magento_Checkout/templates/cart_btm_left.phtml:114
Stack trace:
#0 /home/wxfx36uv3844/public_html/vendor/magento/framework/View/TemplateEngine/Php.php(59): include()
#1 /home/wxfx36uv3844/public_html/vendor/magento/framework/View/Element/Template.php(270): Magento\Framework\View\TemplateEngine\Php->render(Object(Magento\Framework\View\Element\Template), '/home/wxfx36uv3...', Array)
#2 /home/wxfx36uv3844/public_html/vendor/magento/framework/View/Element/Template.php(300): Magento\Framework\View\Element\Template->fetchView('/home/wxfx36uv3...')
#3 /home/wxfx36uv3844/public_html/vendor/magento/framework/View/Element/AbstractBlock.php(667): Magento\Framework\View\Element\Template->_toHtml()
#4 /home/wxfx36uv3844/public_html/vendor/magento/framework/View/Layout.php(558): Magento\Framework\View\Element\AbstractBlock->toHtml()
#5 /home/wxfx36uv3844/public_html/vendor/magento/framework/View/Layo in /home/wxfx36uv3844/public_html/app/design/frontend/Codazon/fastest/westylefashion/Magento_Checkout/templates/cart_btm_left.phtml on line 114
[13-Aug-2018 11:50:49 UTC] PHP Fatal error:  Uncaught Error: Class 'Mage' not found in /home/wxfx36uv3844/public_html/app/design/frontend/Codazon/fastest/westylefashion/Magento_Checkout/templates/cart_btm_left.phtml:114
Stack trace:
#0 /home/wxfx36uv3844/public_html/vendor/magento/framework/View/TemplateEngine/Php.php(59): include()
#1 /home/wxfx36uv3844/public_html/vendor/magento/framework/View/Element/Template.php(270): Magento\Framework\View\TemplateEngine\Php->render(Object(Magento\Framework\View\Element\Template), '/home/wxfx36uv3...', Array)
#2 /home/wxfx36uv3844/public_html/vendor/magento/framework/View/Element/Template.php(300): Magento\Framework\View\Element\Template->fetchView('/home/wxfx36uv3...')
#3 /home/wxfx36uv3844/public_html/vendor/magento/framework/View/Element/AbstractBlock.php(667): Magento\Framework\View\Element\Template->_toHtml()
#4 /home/wxfx36uv3844/public_html/vendor/magento/framework/View/Layout.php(558): Magento\Framework\View\Element\AbstractBlock->toHtml()
#5 /home/wxfx36uv3844/public_html/vendor/magento/framework/View/Layo in /home/wxfx36uv3844/public_html/app/design/frontend/Codazon/fastest/westylefashion/Magento_Checkout/templates/cart_btm_left.phtml on line 114
[13-Aug-2018 11:50:53 UTC] PHP Fatal error:  Uncaught Error: Class 'Mage' not found in /home/wxfx36uv3844/public_html/app/design/frontend/Codazon/fastest/westylefashion/Magento_Checkout/templates/cart_btm_left.phtml:114
Stack trace:
#0 /home/wxfx36uv3844/public_html/vendor/magento/framework/View/TemplateEngine/Php.php(59): include()
#1 /home/wxfx36uv3844/public_html/vendor/magento/framework/View/Element/Template.php(270): Magento\Framework\View\TemplateEngine\Php->render(Object(Magento\Framework\View\Element\Template), '/home/wxfx36uv3...', Array)
#2 /home/wxfx36uv3844/public_html/vendor/magento/framework/View/Element/Template.php(300): Magento\Framework\View\Element\Template->fetchView('/home/wxfx36uv3...')
#3 /home/wxfx36uv3844/public_html/vendor/magento/framework/View/Element/AbstractBlock.php(667): Magento\Framework\View\Element\Template->_toHtml()
#4 /home/wxfx36uv3844/public_html/vendor/magento/framework/View/Layout.php(558): Magento\Framework\View\Element\AbstractBlock->toHtml()
#5 /home/wxfx36uv3844/public_html/vendor/magento/framework/View/Layo in /home/wxfx36uv3844/public_html/app/design/frontend/Codazon/fastest/westylefashion/Magento_Checkout/templates/cart_btm_left.phtml on line 114
[13-Aug-2018 11:50:57 UTC] PHP Fatal error:  Uncaught Error: Class 'Mage' not found in /home/wxfx36uv3844/public_html/app/design/frontend/Codazon/fastest/westylefashion/Magento_Checkout/templates/cart_btm_left.phtml:114
Stack trace:
#0 /home/wxfx36uv3844/public_html/vendor/magento/framework/View/TemplateEngine/Php.php(59): include()
#1 /home/wxfx36uv3844/public_html/vendor/magento/framework/View/Element/Template.php(270): Magento\Framework\View\TemplateEngine\Php->render(Object(Magento\Framework\View\Element\Template), '/home/wxfx36uv3...', Array)
#2 /home/wxfx36uv3844/public_html/vendor/magento/framework/View/Element/Template.php(300): Magento\Framework\View\Element\Template->fetchView('/home/wxfx36uv3...')
#3 /home/wxfx36uv3844/public_html/vendor/magento/framework/View/Element/AbstractBlock.php(667): Magento\Framework\View\Element\Template->_toHtml()
#4 /home/wxfx36uv3844/public_html/vendor/magento/framework/View/Layout.php(558): Magento\Framework\View\Element\AbstractBlock->toHtml()
#5 /home/wxfx36uv3844/public_html/vendor/magento/framework/View/Layo in /home/wxfx36uv3844/public_html/app/design/frontend/Codazon/fastest/westylefashion/Magento_Checkout/templates/cart_btm_left.phtml on line 114
[13-Aug-2018 11:51:32 UTC] PHP Fatal error:  Uncaught Error: Class 'Mage' not found in /home/wxfx36uv3844/public_html/app/design/frontend/Codazon/fastest/westylefashion/Magento_Checkout/templates/cart_btm_left.phtml:111
Stack trace:
#0 /home/wxfx36uv3844/public_html/vendor/magento/framework/View/TemplateEngine/Php.php(59): include()
#1 /home/wxfx36uv3844/public_html/vendor/magento/framework/View/Element/Template.php(270): Magento\Framework\View\TemplateEngine\Php->render(Object(Magento\Framework\View\Element\Template), '/home/wxfx36uv3...', Array)
#2 /home/wxfx36uv3844/public_html/vendor/magento/framework/View/Element/Template.php(300): Magento\Framework\View\Element\Template->fetchView('/home/wxfx36uv3...')
#3 /home/wxfx36uv3844/public_html/vendor/magento/framework/View/Element/AbstractBlock.php(667): Magento\Framework\View\Element\Template->_toHtml()
#4 /home/wxfx36uv3844/public_html/vendor/magento/framework/View/Layout.php(558): Magento\Framework\View\Element\AbstractBlock->toHtml()
#5 /home/wxfx36uv3844/public_html/vendor/magento/framework/View/Layo in /home/wxfx36uv3844/public_html/app/design/frontend/Codazon/fastest/westylefashion/Magento_Checkout/templates/cart_btm_left.phtml on line 111
[13-Aug-2018 11:51:40 UTC] PHP Fatal error:  Uncaught Error: Class 'Mage' not found in /home/wxfx36uv3844/public_html/app/design/frontend/Codazon/fastest/westylefashion/Magento_Checkout/templates/cart_btm_left.phtml:111
Stack trace:
#0 /home/wxfx36uv3844/public_html/vendor/magento/framework/View/TemplateEngine/Php.php(59): include()
#1 /home/wxfx36uv3844/public_html/vendor/magento/framework/View/Element/Template.php(270): Magento\Framework\View\TemplateEngine\Php->render(Object(Magento\Framework\View\Element\Template), '/home/wxfx36uv3...', Array)
#2 /home/wxfx36uv3844/public_html/vendor/magento/framework/View/Element/Template.php(300): Magento\Framework\View\Element\Template->fetchView('/home/wxfx36uv3...')
#3 /home/wxfx36uv3844/public_html/vendor/magento/framework/View/Element/AbstractBlock.php(667): Magento\Framework\View\Element\Template->_toHtml()
#4 /home/wxfx36uv3844/public_html/vendor/magento/framework/View/Layout.php(558): Magento\Framework\View\Element\AbstractBlock->toHtml()
#5 /home/wxfx36uv3844/public_html/vendor/magento/framework/View/Layo in /home/wxfx36uv3844/public_html/app/design/frontend/Codazon/fastest/westylefashion/Magento_Checkout/templates/cart_btm_left.phtml on line 111
[13-Aug-2018 11:51:45 UTC] PHP Fatal error:  Uncaught Error: Class 'Mage' not found in /home/wxfx36uv3844/public_html/app/design/frontend/Codazon/fastest/westylefashion/Magento_Checkout/templates/cart_btm_left.phtml:111
Stack trace:
#0 /home/wxfx36uv3844/public_html/vendor/magento/framework/View/TemplateEngine/Php.php(59): include()
#1 /home/wxfx36uv3844/public_html/vendor/magento/framework/View/Element/Template.php(270): Magento\Framework\View\TemplateEngine\Php->render(Object(Magento\Framework\View\Element\Template), '/home/wxfx36uv3...', Array)
#2 /home/wxfx36uv3844/public_html/vendor/magento/framework/View/Element/Template.php(300): Magento\Framework\View\Element\Template->fetchView('/home/wxfx36uv3...')
#3 /home/wxfx36uv3844/public_html/vendor/magento/framework/View/Element/AbstractBlock.php(667): Magento\Framework\View\Element\Template->_toHtml()
#4 /home/wxfx36uv3844/public_html/vendor/magento/framework/View/Layout.php(558): Magento\Framework\View\Element\AbstractBlock->toHtml()
#5 /home/wxfx36uv3844/public_html/vendor/magento/framework/View/Layo in /home/wxfx36uv3844/public_html/app/design/frontend/Codazon/fastest/westylefashion/Magento_Checkout/templates/cart_btm_left.phtml on line 111
[13-Aug-2018 11:51:52 UTC] PHP Fatal error:  Uncaught Error: Class 'Mage' not found in /home/wxfx36uv3844/public_html/app/design/frontend/Codazon/fastest/westylefashion/Magento_Checkout/templates/cart_btm_left.phtml:111
Stack trace:
#0 /home/wxfx36uv3844/public_html/vendor/magento/framework/View/TemplateEngine/Php.php(59): include()
#1 /home/wxfx36uv3844/public_html/vendor/magento/framework/View/Element/Template.php(270): Magento\Framework\View\TemplateEngine\Php->render(Object(Magento\Framework\View\Element\Template), '/home/wxfx36uv3...', Array)
#2 /home/wxfx36uv3844/public_html/vendor/magento/framework/View/Element/Template.php(300): Magento\Framework\View\Element\Template->fetchView('/home/wxfx36uv3...')
#3 /home/wxfx36uv3844/public_html/vendor/magento/framework/View/Element/AbstractBlock.php(667): Magento\Framework\View\Element\Template->_toHtml()
#4 /home/wxfx36uv3844/public_html/vendor/magento/framework/View/Layout.php(558): Magento\Framework\View\Element\AbstractBlock->toHtml()
#5 /home/wxfx36uv3844/public_html/vendor/magento/framework/View/Layo in /home/wxfx36uv3844/public_html/app/design/frontend/Codazon/fastest/westylefashion/Magento_Checkout/templates/cart_btm_left.phtml on line 111
[13-Aug-2018 11:52:48 UTC] PHP Fatal error:  Uncaught Error: Class 'Mage' not found in /home/wxfx36uv3844/public_html/app/design/frontend/Codazon/fastest/westylefashion/Magento_Checkout/templates/cart_btm_left.phtml:109
Stack trace:
#0 /home/wxfx36uv3844/public_html/vendor/magento/framework/View/TemplateEngine/Php.php(59): include()
#1 /home/wxfx36uv3844/public_html/vendor/magento/framework/View/Element/Template.php(270): Magento\Framework\View\TemplateEngine\Php->render(Object(Magento\Framework\View\Element\Template), '/home/wxfx36uv3...', Array)
#2 /home/wxfx36uv3844/public_html/vendor/magento/framework/View/Element/Template.php(300): Magento\Framework\View\Element\Template->fetchView('/home/wxfx36uv3...')
#3 /home/wxfx36uv3844/public_html/vendor/magento/framework/View/Element/AbstractBlock.php(667): Magento\Framework\View\Element\Template->_toHtml()
#4 /home/wxfx36uv3844/public_html/vendor/magento/framework/View/Layout.php(558): Magento\Framework\View\Element\AbstractBlock->toHtml()
#5 /home/wxfx36uv3844/public_html/vendor/magento/framework/View/Layo in /home/wxfx36uv3844/public_html/app/design/frontend/Codazon/fastest/westylefashion/Magento_Checkout/templates/cart_btm_left.phtml on line 109
[13-Aug-2018 11:52:52 UTC] PHP Fatal error:  Uncaught Error: Class 'Mage' not found in /home/wxfx36uv3844/public_html/app/design/frontend/Codazon/fastest/westylefashion/Magento_Checkout/templates/cart_btm_left.phtml:109
Stack trace:
#0 /home/wxfx36uv3844/public_html/vendor/magento/framework/View/TemplateEngine/Php.php(59): include()
#1 /home/wxfx36uv3844/public_html/vendor/magento/framework/View/Element/Template.php(270): Magento\Framework\View\TemplateEngine\Php->render(Object(Magento\Framework\View\Element\Template), '/home/wxfx36uv3...', Array)
#2 /home/wxfx36uv3844/public_html/vendor/magento/framework/View/Element/Template.php(300): Magento\Framework\View\Element\Template->fetchView('/home/wxfx36uv3...')
#3 /home/wxfx36uv3844/public_html/vendor/magento/framework/View/Element/AbstractBlock.php(667): Magento\Framework\View\Element\Template->_toHtml()
#4 /home/wxfx36uv3844/public_html/vendor/magento/framework/View/Layout.php(558): Magento\Framework\View\Element\AbstractBlock->toHtml()
#5 /home/wxfx36uv3844/public_html/vendor/magento/framework/View/Layo in /home/wxfx36uv3844/public_html/app/design/frontend/Codazon/fastest/westylefashion/Magento_Checkout/templates/cart_btm_left.phtml on line 109
[13-Aug-2018 11:52:59 UTC] PHP Fatal error:  Uncaught Error: Class 'Mage' not found in /home/wxfx36uv3844/public_html/app/design/frontend/Codazon/fastest/westylefashion/Magento_Checkout/templates/cart_btm_left.phtml:109
Stack trace:
#0 /home/wxfx36uv3844/public_html/vendor/magento/framework/View/TemplateEngine/Php.php(59): include()
#1 /home/wxfx36uv3844/public_html/vendor/magento/framework/View/Element/Template.php(270): Magento\Framework\View\TemplateEngine\Php->render(Object(Magento\Framework\View\Element\Template), '/home/wxfx36uv3...', Array)
#2 /home/wxfx36uv3844/public_html/vendor/magento/framework/View/Element/Template.php(300): Magento\Framework\View\Element\Template->fetchView('/home/wxfx36uv3...')
#3 /home/wxfx36uv3844/public_html/vendor/magento/framework/View/Element/AbstractBlock.php(667): Magento\Framework\View\Element\Template->_toHtml()
#4 /home/wxfx36uv3844/public_html/vendor/magento/framework/View/Layout.php(558): Magento\Framework\View\Element\AbstractBlock->toHtml()
#5 /home/wxfx36uv3844/public_html/vendor/magento/framework/View/Layo in /home/wxfx36uv3844/public_html/app/design/frontend/Codazon/fastest/westylefashion/Magento_Checkout/templates/cart_btm_left.phtml on line 109
[13-Aug-2018 11:53:01 UTC] PHP Fatal error:  Uncaught Error: Class 'Mage' not found in /home/wxfx36uv3844/public_html/app/design/frontend/Codazon/fastest/westylefashion/Magento_Checkout/templates/cart_btm_left.phtml:109
Stack trace:
#0 /home/wxfx36uv3844/public_html/vendor/magento/framework/View/TemplateEngine/Php.php(59): include()
#1 /home/wxfx36uv3844/public_html/vendor/magento/framework/View/Element/Template.php(270): Magento\Framework\View\TemplateEngine\Php->render(Object(Magento\Framework\View\Element\Template), '/home/wxfx36uv3...', Array)
#2 /home/wxfx36uv3844/public_html/vendor/magento/framework/View/Element/Template.php(300): Magento\Framework\View\Element\Template->fetchView('/home/wxfx36uv3...')
#3 /home/wxfx36uv3844/public_html/vendor/magento/framework/View/Element/AbstractBlock.php(667): Magento\Framework\View\Element\Template->_toHtml()
#4 /home/wxfx36uv3844/public_html/vendor/magento/framework/View/Layout.php(558): Magento\Framework\View\Element\AbstractBlock->toHtml()
#5 /home/wxfx36uv3844/public_html/vendor/magento/framework/View/Layo in /home/wxfx36uv3844/public_html/app/design/frontend/Codazon/fastest/westylefashion/Magento_Checkout/templates/cart_btm_left.phtml on line 109
[13-Aug-2018 11:53:12 UTC] PHP Fatal error:  Uncaught Error: Class 'Mage' not found in /home/wxfx36uv3844/public_html/app/design/frontend/Codazon/fastest/westylefashion/Magento_Checkout/templates/cart_btm_left.phtml:109
Stack trace:
#0 /home/wxfx36uv3844/public_html/vendor/magento/framework/View/TemplateEngine/Php.php(59): include()
#1 /home/wxfx36uv3844/public_html/vendor/magento/framework/View/Element/Template.php(270): Magento\Framework\View\TemplateEngine\Php->render(Object(Magento\Framework\View\Element\Template), '/home/wxfx36uv3...', Array)
#2 /home/wxfx36uv3844/public_html/vendor/magento/framework/View/Element/Template.php(300): Magento\Framework\View\Element\Template->fetchView('/home/wxfx36uv3...')
#3 /home/wxfx36uv3844/public_html/vendor/magento/framework/View/Element/AbstractBlock.php(667): Magento\Framework\View\Element\Template->_toHtml()
#4 /home/wxfx36uv3844/public_html/vendor/magento/framework/View/Layout.php(558): Magento\Framework\View\Element\AbstractBlock->toHtml()
#5 /home/wxfx36uv3844/public_html/vendor/magento/framework/View/Layo in /home/wxfx36uv3844/public_html/app/design/frontend/Codazon/fastest/westylefashion/Magento_Checkout/templates/cart_btm_left.phtml on line 109
[13-Aug-2018 11:53:16 UTC] PHP Fatal error:  Uncaught Error: Class 'Mage' not found in /home/wxfx36uv3844/public_html/app/design/frontend/Codazon/fastest/westylefashion/Magento_Checkout/templates/cart_btm_left.phtml:109
Stack trace:
#0 /home/wxfx36uv3844/public_html/vendor/magento/framework/View/TemplateEngine/Php.php(59): include()
#1 /home/wxfx36uv3844/public_html/vendor/magento/framework/View/Element/Template.php(270): Magento\Framework\View\TemplateEngine\Php->render(Object(Magento\Framework\View\Element\Template), '/home/wxfx36uv3...', Array)
#2 /home/wxfx36uv3844/public_html/vendor/magento/framework/View/Element/Template.php(300): Magento\Framework\View\Element\Template->fetchView('/home/wxfx36uv3...')
#3 /home/wxfx36uv3844/public_html/vendor/magento/framework/View/Element/AbstractBlock.php(667): Magento\Framework\View\Element\Template->_toHtml()
#4 /home/wxfx36uv3844/public_html/vendor/magento/framework/View/Layout.php(558): Magento\Framework\View\Element\AbstractBlock->toHtml()
#5 /home/wxfx36uv3844/public_html/vendor/magento/framework/View/Layo in /home/wxfx36uv3844/public_html/app/design/frontend/Codazon/fastest/westylefashion/Magento_Checkout/templates/cart_btm_left.phtml on line 109
[13-Aug-2018 11:53:25 UTC] PHP Fatal error:  Uncaught Error: Class 'Mage' not found in /home/wxfx36uv3844/public_html/app/design/frontend/Codazon/fastest/westylefashion/Magento_Checkout/templates/cart_btm_left.phtml:109
Stack trace:
#0 /home/wxfx36uv3844/public_html/vendor/magento/framework/View/TemplateEngine/Php.php(59): include()
#1 /home/wxfx36uv3844/public_html/vendor/magento/framework/View/Element/Template.php(270): Magento\Framework\View\TemplateEngine\Php->render(Object(Magento\Framework\View\Element\Template), '/home/wxfx36uv3...', Array)
#2 /home/wxfx36uv3844/public_html/vendor/magento/framework/View/Element/Template.php(300): Magento\Framework\View\Element\Template->fetchView('/home/wxfx36uv3...')
#3 /home/wxfx36uv3844/public_html/vendor/magento/framework/View/Element/AbstractBlock.php(667): Magento\Framework\View\Element\Template->_toHtml()
#4 /home/wxfx36uv3844/public_html/vendor/magento/framework/View/Layout.php(558): Magento\Framework\View\Element\AbstractBlock->toHtml()
#5 /home/wxfx36uv3844/public_html/vendor/magento/framework/View/Layo in /home/wxfx36uv3844/public_html/app/design/frontend/Codazon/fastest/westylefashion/Magento_Checkout/templates/cart_btm_left.phtml on line 109
[13-Aug-2018 11:53:26 UTC] PHP Fatal error:  Uncaught Error: Class 'Mage' not found in /home/wxfx36uv3844/public_html/app/design/frontend/Codazon/fastest/westylefashion/Magento_Checkout/templates/cart_btm_left.phtml:109
Stack trace:
#0 /home/wxfx36uv3844/public_html/vendor/magento/framework/View/TemplateEngine/Php.php(59): include()
#1 /home/wxfx36uv3844/public_html/vendor/magento/framework/View/Element/Template.php(270): Magento\Framework\View\TemplateEngine\Php->render(Object(Magento\Framework\View\Element\Template), '/home/wxfx36uv3...', Array)
#2 /home/wxfx36uv3844/public_html/vendor/magento/framework/View/Element/Template.php(300): Magento\Framework\View\Element\Template->fetchView('/home/wxfx36uv3...')
#3 /home/wxfx36uv3844/public_html/vendor/magento/framework/View/Element/AbstractBlock.php(667): Magento\Framework\View\Element\Template->_toHtml()
#4 /home/wxfx36uv3844/public_html/vendor/magento/framework/View/Layout.php(558): Magento\Framework\View\Element\AbstractBlock->toHtml()
#5 /home/wxfx36uv3844/public_html/vendor/magento/framework/View/Layo in /home/wxfx36uv3844/public_html/app/design/frontend/Codazon/fastest/westylefashion/Magento_Checkout/templates/cart_btm_left.phtml on line 109
[13-Aug-2018 11:53:30 UTC] PHP Fatal error:  Uncaught Error: Class 'Mage' not found in /home/wxfx36uv3844/public_html/app/design/frontend/Codazon/fastest/westylefashion/Magento_Checkout/templates/cart_btm_left.phtml:109
Stack trace:
#0 /home/wxfx36uv3844/public_html/vendor/magento/framework/View/TemplateEngine/Php.php(59): include()
#1 /home/wxfx36uv3844/public_html/vendor/magento/framework/View/Element/Template.php(270): Magento\Framework\View\TemplateEngine\Php->render(Object(Magento\Framework\View\Element\Template), '/home/wxfx36uv3...', Array)
#2 /home/wxfx36uv3844/public_html/vendor/magento/framework/View/Element/Template.php(300): Magento\Framework\View\Element\Template->fetchView('/home/wxfx36uv3...')
#3 /home/wxfx36uv3844/public_html/vendor/magento/framework/View/Element/AbstractBlock.php(667): Magento\Framework\View\Element\Template->_toHtml()
#4 /home/wxfx36uv3844/public_html/vendor/magento/framework/View/Layout.php(558): Magento\Framework\View\Element\AbstractBlock->toHtml()
#5 /home/wxfx36uv3844/public_html/vendor/magento/framework/View/Layo in /home/wxfx36uv3844/public_html/app/design/frontend/Codazon/fastest/westylefashion/Magento_Checkout/templates/cart_btm_left.phtml on line 109
[13-Aug-2018 11:53:31 UTC] PHP Fatal error:  Uncaught Error: Class 'Mage' not found in /home/wxfx36uv3844/public_html/app/design/frontend/Codazon/fastest/westylefashion/Magento_Checkout/templates/cart_btm_left.phtml:109
Stack trace:
#0 /home/wxfx36uv3844/public_html/vendor/magento/framework/View/TemplateEngine/Php.php(59): include()
#1 /home/wxfx36uv3844/public_html/vendor/magento/framework/View/Element/Template.php(270): Magento\Framework\View\TemplateEngine\Php->render(Object(Magento\Framework\View\Element\Template), '/home/wxfx36uv3...', Array)
#2 /home/wxfx36uv3844/public_html/vendor/magento/framework/View/Element/Template.php(300): Magento\Framework\View\Element\Template->fetchView('/home/wxfx36uv3...')
#3 /home/wxfx36uv3844/public_html/vendor/magento/framework/View/Element/AbstractBlock.php(667): Magento\Framework\View\Element\Template->_toHtml()
#4 /home/wxfx36uv3844/public_html/vendor/magento/framework/View/Layout.php(558): Magento\Framework\View\Element\AbstractBlock->toHtml()
#5 /home/wxfx36uv3844/public_html/vendor/magento/framework/View/Layo in /home/wxfx36uv3844/public_html/app/design/frontend/Codazon/fastest/westylefashion/Magento_Checkout/templates/cart_btm_left.phtml on line 109
[13-Aug-2018 12:13:45 UTC] PHP Fatal error:  Uncaught Error: Class 'Mage' not found in /home/wxfx36uv3844/public_html/app/design/frontend/Codazon/fastest/westylefashion/Magento_Checkout/templates/cart_btm_left.phtml:110
Stack trace:
#0 /home/wxfx36uv3844/public_html/vendor/magento/framework/View/TemplateEngine/Php.php(59): include()
#1 /home/wxfx36uv3844/public_html/vendor/magento/framework/View/Element/Template.php(270): Magento\Framework\View\TemplateEngine\Php->render(Object(Magento\Framework\View\Element\Template), '/home/wxfx36uv3...', Array)
#2 /home/wxfx36uv3844/public_html/vendor/magento/framework/View/Element/Template.php(300): Magento\Framework\View\Element\Template->fetchView('/home/wxfx36uv3...')
#3 /home/wxfx36uv3844/public_html/vendor/magento/framework/View/Element/AbstractBlock.php(667): Magento\Framework\View\Element\Template->_toHtml()
#4 /home/wxfx36uv3844/public_html/vendor/magento/framework/View/Layout.php(558): Magento\Framework\View\Element\AbstractBlock->toHtml()
#5 /home/wxfx36uv3844/public_html/vendor/magento/framework/View/Layo in /home/wxfx36uv3844/public_html/app/design/frontend/Codazon/fastest/westylefashion/Magento_Checkout/templates/cart_btm_left.phtml on line 110
[13-Aug-2018 12:13:50 UTC] PHP Fatal error:  Uncaught Error: Class 'Mage' not found in /home/wxfx36uv3844/public_html/app/design/frontend/Codazon/fastest/westylefashion/Magento_Checkout/templates/cart_btm_left.phtml:110
Stack trace:
#0 /home/wxfx36uv3844/public_html/vendor/magento/framework/View/TemplateEngine/Php.php(59): include()
#1 /home/wxfx36uv3844/public_html/vendor/magento/framework/View/Element/Template.php(270): Magento\Framework\View\TemplateEngine\Php->render(Object(Magento\Framework\View\Element\Template), '/home/wxfx36uv3...', Array)
#2 /home/wxfx36uv3844/public_html/vendor/magento/framework/View/Element/Template.php(300): Magento\Framework\View\Element\Template->fetchView('/home/wxfx36uv3...')
#3 /home/wxfx36uv3844/public_html/vendor/magento/framework/View/Element/AbstractBlock.php(667): Magento\Framework\View\Element\Template->_toHtml()
#4 /home/wxfx36uv3844/public_html/vendor/magento/framework/View/Layout.php(558): Magento\Framework\View\Element\AbstractBlock->toHtml()
#5 /home/wxfx36uv3844/public_html/vendor/magento/framework/View/Layo in /home/wxfx36uv3844/public_html/app/design/frontend/Codazon/fastest/westylefashion/Magento_Checkout/templates/cart_btm_left.phtml on line 110
[13-Aug-2018 12:13:53 UTC] PHP Fatal error:  Uncaught Error: Class 'Mage' not found in /home/wxfx36uv3844/public_html/app/design/frontend/Codazon/fastest/westylefashion/Magento_Checkout/templates/cart_btm_left.phtml:110
Stack trace:
#0 /home/wxfx36uv3844/public_html/vendor/magento/framework/View/TemplateEngine/Php.php(59): include()
#1 /home/wxfx36uv3844/public_html/vendor/magento/framework/View/Element/Template.php(270): Magento\Framework\View\TemplateEngine\Php->render(Object(Magento\Framework\View\Element\Template), '/home/wxfx36uv3...', Array)
#2 /home/wxfx36uv3844/public_html/vendor/magento/framework/View/Element/Template.php(300): Magento\Framework\View\Element\Template->fetchView('/home/wxfx36uv3...')
#3 /home/wxfx36uv3844/public_html/vendor/magento/framework/View/Element/AbstractBlock.php(667): Magento\Framework\View\Element\Template->_toHtml()
#4 /home/wxfx36uv3844/public_html/vendor/magento/framework/View/Layout.php(558): Magento\Framework\View\Element\AbstractBlock->toHtml()
#5 /home/wxfx36uv3844/public_html/vendor/magento/framework/View/Layo in /home/wxfx36uv3844/public_html/app/design/frontend/Codazon/fastest/westylefashion/Magento_Checkout/templates/cart_btm_left.phtml on line 110
[13-Aug-2018 12:14:22 UTC] PHP Fatal error:  Uncaught Error: Class 'Mage' not found in /home/wxfx36uv3844/public_html/app/design/frontend/Codazon/fastest/westylefashion/Magento_Checkout/templates/cart_btm_left.phtml:110
Stack trace:
#0 /home/wxfx36uv3844/public_html/vendor/magento/framework/View/TemplateEngine/Php.php(59): include()
#1 /home/wxfx36uv3844/public_html/vendor/magento/framework/View/Element/Template.php(270): Magento\Framework\View\TemplateEngine\Php->render(Object(Magento\Framework\View\Element\Template), '/home/wxfx36uv3...', Array)
#2 /home/wxfx36uv3844/public_html/vendor/magento/framework/View/Element/Template.php(300): Magento\Framework\View\Element\Template->fetchView('/home/wxfx36uv3...')
#3 /home/wxfx36uv3844/public_html/vendor/magento/framework/View/Element/AbstractBlock.php(667): Magento\Framework\View\Element\Template->_toHtml()
#4 /home/wxfx36uv3844/public_html/vendor/magento/framework/View/Layout.php(558): Magento\Framework\View\Element\AbstractBlock->toHtml()
#5 /home/wxfx36uv3844/public_html/vendor/magento/framework/View/Layo in /home/wxfx36uv3844/public_html/app/design/frontend/Codazon/fastest/westylefashion/Magento_Checkout/templates/cart_btm_left.phtml on line 110
[13-Aug-2018 12:14:26 UTC] PHP Fatal error:  Uncaught Error: Class 'Mage' not found in /home/wxfx36uv3844/public_html/app/design/frontend/Codazon/fastest/westylefashion/Magento_Checkout/templates/cart_btm_left.phtml:110
Stack trace:
#0 /home/wxfx36uv3844/public_html/vendor/magento/framework/View/TemplateEngine/Php.php(59): include()
#1 /home/wxfx36uv3844/public_html/vendor/magento/framework/View/Element/Template.php(270): Magento\Framework\View\TemplateEngine\Php->render(Object(Magento\Framework\View\Element\Template), '/home/wxfx36uv3...', Array)
#2 /home/wxfx36uv3844/public_html/vendor/magento/framework/View/Element/Template.php(300): Magento\Framework\View\Element\Template->fetchView('/home/wxfx36uv3...')
#3 /home/wxfx36uv3844/public_html/vendor/magento/framework/View/Element/AbstractBlock.php(667): Magento\Framework\View\Element\Template->_toHtml()
#4 /home/wxfx36uv3844/public_html/vendor/magento/framework/View/Layout.php(558): Magento\Framework\View\Element\AbstractBlock->toHtml()
#5 /home/wxfx36uv3844/public_html/vendor/magento/framework/View/Layo in /home/wxfx36uv3844/public_html/app/design/frontend/Codazon/fastest/westylefashion/Magento_Checkout/templates/cart_btm_left.phtml on line 110
[13-Aug-2018 12:14:28 UTC] PHP Fatal error:  Uncaught Error: Class 'Mage' not found in /home/wxfx36uv3844/public_html/app/design/frontend/Codazon/fastest/westylefashion/Magento_Checkout/templates/cart_btm_left.phtml:110
Stack trace:
#0 /home/wxfx36uv3844/public_html/vendor/magento/framework/View/TemplateEngine/Php.php(59): include()
#1 /home/wxfx36uv3844/public_html/vendor/magento/framework/View/Element/Template.php(270): Magento\Framework\View\TemplateEngine\Php->render(Object(Magento\Framework\View\Element\Template), '/home/wxfx36uv3...', Array)
#2 /home/wxfx36uv3844/public_html/vendor/magento/framework/View/Element/Template.php(300): Magento\Framework\View\Element\Template->fetchView('/home/wxfx36uv3...')
#3 /home/wxfx36uv3844/public_html/vendor/magento/framework/View/Element/AbstractBlock.php(667): Magento\Framework\View\Element\Template->_toHtml()
#4 /home/wxfx36uv3844/public_html/vendor/magento/framework/View/Layout.php(558): Magento\Framework\View\Element\AbstractBlock->toHtml()
#5 /home/wxfx36uv3844/public_html/vendor/magento/framework/View/Layo in /home/wxfx36uv3844/public_html/app/design/frontend/Codazon/fastest/westylefashion/Magento_Checkout/templates/cart_btm_left.phtml on line 110
[13-Aug-2018 12:14:42 UTC] PHP Fatal error:  Uncaught Error: Class 'Mage' not found in /home/wxfx36uv3844/public_html/app/design/frontend/Codazon/fastest/westylefashion/Magento_Checkout/templates/cart_btm_left.phtml:110
Stack trace:
#0 /home/wxfx36uv3844/public_html/vendor/magento/framework/View/TemplateEngine/Php.php(59): include()
#1 /home/wxfx36uv3844/public_html/vendor/magento/framework/View/Element/Template.php(270): Magento\Framework\View\TemplateEngine\Php->render(Object(Magento\Framework\View\Element\Template), '/home/wxfx36uv3...', Array)
#2 /home/wxfx36uv3844/public_html/vendor/magento/framework/View/Element/Template.php(300): Magento\Framework\View\Element\Template->fetchView('/home/wxfx36uv3...')
#3 /home/wxfx36uv3844/public_html/vendor/magento/framework/View/Element/AbstractBlock.php(667): Magento\Framework\View\Element\Template->_toHtml()
#4 /home/wxfx36uv3844/public_html/vendor/magento/framework/View/Layout.php(558): Magento\Framework\View\Element\AbstractBlock->toHtml()
#5 /home/wxfx36uv3844/public_html/vendor/magento/framework/View/Layo in /home/wxfx36uv3844/public_html/app/design/frontend/Codazon/fastest/westylefashion/Magento_Checkout/templates/cart_btm_left.phtml on line 110
[14-Aug-2018 22:10:23 UTC] PHP Fatal error:  Uncaught Error: Class 'Mlx\GuestWishlist2\Controller\Rewrite\Wishlist\Index\LocalizedException' not found in /home/wxfx36uv3844/public_html/app/code/Mlx/GuestWishlist2/Controller/Rewrite/Wishlist/Index/Fromcart.php(1) : eval()'d code:27
Stack trace:
#0 /home/wxfx36uv3844/public_html/generated/code/Mlx/GuestWishlist2/Controller/Rewrite/Wishlist/Index/Fromcart/Interceptor.php(24): Mlx\GuestWishlist2\Controller\Rewrite\Wishlist\Index\Fromcart->execute()
#1 /home/wxfx36uv3844/public_html/vendor/magento/framework/App/Action/Action.php(107): Mlx\GuestWishlist2\Controller\Rewrite\Wishlist\Index\Fromcart\Interceptor->execute()
#2 /home/wxfx36uv3844/public_html/vendor/magento/framework/Interception/Interceptor.php(58): Magento\Framework\App\Action\Action->dispatch(Object(Magento\Framework\App\Request\Http))
#3 /home/wxfx36uv3844/public_html/vendor/magento/framework/Interception/Interceptor.php(138): Mlx\GuestWishlist2\Controller\Rewrite\Wishlist\Index\Fromcart\Interceptor->___callParent('dispatch', Array)
#4 /home/wxf in /home/wxfx36uv3844/public_html/app/code/Mlx/GuestWishlist2/Controller/Rewrite/Wishlist/Index/Fromcart.php(1) : eval()'d code on line 27
[16-Aug-2018 12:13:22 UTC] PHP Fatal error:  Uncaught Error: Call to a member function create() on null in /home/wxfx36uv3844/public_html/app/code/Amasty/Xsearch/Block/Search/AbstractSearch.php:81
Stack trace:
#0 /home/wxfx36uv3844/public_html/app/code/Amasty/Xsearch/Block/Search/AbstractSearch.php(122): Amasty\Xsearch\Block\Search\AbstractSearch->generateCollection()
#1 /home/wxfx36uv3844/public_html/app/code/Amasty/Xsearch/Block/Search/AbstractSearch.php(105): Amasty\Xsearch\Block\Search\AbstractSearch->getSearchCollection()
#2 /home/wxfx36uv3844/public_html/app/code/Amasty/Xsearch/Block/Jsinit.php(93): Amasty\Xsearch\Block\Search\AbstractSearch->getLoadedSearchCollection()
#3 /home/wxfx36uv3844/public_html/app/code/Amasty/Xsearch/view/frontend/templates/jsinit.phtml(25): Amasty\Xsearch\Block\Jsinit->isShowRecentPreload()
#4 /home/wxfx36uv3844/public_html/vendor/magento/framework/View/TemplateEngine/Php.php(59): include('/home/wxfx36uv3...')
#5 /home/wxfx36uv3844/public_html/vendor/magento/framework/View/Element/Template.php(270): Magento\Framework\Vi in /home/wxfx36uv3844/public_html/app/code/Amasty/Xsearch/Block/Search/AbstractSearch.php on line 81
[16-Aug-2018 12:13:23 UTC] PHP Fatal error:  Uncaught Error: Call to a member function create() on null in /home/wxfx36uv3844/public_html/app/code/Amasty/Xsearch/Block/Search/AbstractSearch.php:81
Stack trace:
#0 /home/wxfx36uv3844/public_html/app/code/Amasty/Xsearch/Block/Search/AbstractSearch.php(122): Amasty\Xsearch\Block\Search\AbstractSearch->generateCollection()
#1 /home/wxfx36uv3844/public_html/app/code/Amasty/Xsearch/Block/Search/AbstractSearch.php(105): Amasty\Xsearch\Block\Search\AbstractSearch->getSearchCollection()
#2 /home/wxfx36uv3844/public_html/app/code/Amasty/Xsearch/Block/Jsinit.php(93): Amasty\Xsearch\Block\Search\AbstractSearch->getLoadedSearchCollection()
#3 /home/wxfx36uv3844/public_html/app/code/Amasty/Xsearch/view/frontend/templates/jsinit.phtml(25): Amasty\Xsearch\Block\Jsinit->isShowRecentPreload()
#4 /home/wxfx36uv3844/public_html/vendor/magento/framework/View/TemplateEngine/Php.php(59): include('/home/wxfx36uv3...')
#5 /home/wxfx36uv3844/public_html/vendor/magento/framework/View/Element/Template.php(270): Magento\Framework\Vi in /home/wxfx36uv3844/public_html/app/code/Amasty/Xsearch/Block/Search/AbstractSearch.php on line 81
[16-Aug-2018 12:13:31 UTC] PHP Fatal error:  Uncaught Error: Call to a member function create() on null in /home/wxfx36uv3844/public_html/app/code/Amasty/Xsearch/Block/Search/AbstractSearch.php:81
Stack trace:
#0 /home/wxfx36uv3844/public_html/app/code/Amasty/Xsearch/Block/Search/AbstractSearch.php(122): Amasty\Xsearch\Block\Search\AbstractSearch->generateCollection()
#1 /home/wxfx36uv3844/public_html/app/code/Amasty/Xsearch/Block/Search/AbstractSearch.php(105): Amasty\Xsearch\Block\Search\AbstractSearch->getSearchCollection()
#2 /home/wxfx36uv3844/public_html/app/code/Amasty/Xsearch/Block/Jsinit.php(93): Amasty\Xsearch\Block\Search\AbstractSearch->getLoadedSearchCollection()
#3 /home/wxfx36uv3844/public_html/app/code/Amasty/Xsearch/view/frontend/templates/jsinit.phtml(25): Amasty\Xsearch\Block\Jsinit->isShowRecentPreload()
#4 /home/wxfx36uv3844/public_html/vendor/magento/framework/View/TemplateEngine/Php.php(59): include('/home/wxfx36uv3...')
#5 /home/wxfx36uv3844/public_html/vendor/magento/framework/View/Element/Template.php(270): Magento\Framework\Vi in /home/wxfx36uv3844/public_html/app/code/Amasty/Xsearch/Block/Search/AbstractSearch.php on line 81
[16-Aug-2018 12:13:33 UTC] PHP Fatal error:  Uncaught Error: Call to a member function create() on null in /home/wxfx36uv3844/public_html/app/code/Amasty/Xsearch/Block/Search/AbstractSearch.php:81
Stack trace:
#0 /home/wxfx36uv3844/public_html/app/code/Amasty/Xsearch/Block/Search/AbstractSearch.php(122): Amasty\Xsearch\Block\Search\AbstractSearch->generateCollection()
#1 /home/wxfx36uv3844/public_html/app/code/Amasty/Xsearch/Block/Search/AbstractSearch.php(105): Amasty\Xsearch\Block\Search\AbstractSearch->getSearchCollection()
#2 /home/wxfx36uv3844/public_html/app/code/Amasty/Xsearch/Block/Jsinit.php(93): Amasty\Xsearch\Block\Search\AbstractSearch->getLoadedSearchCollection()
#3 /home/wxfx36uv3844/public_html/app/code/Amasty/Xsearch/view/frontend/templates/jsinit.phtml(25): Amasty\Xsearch\Block\Jsinit->isShowRecentPreload()
#4 /home/wxfx36uv3844/public_html/vendor/magento/framework/View/TemplateEngine/Php.php(59): include('/home/wxfx36uv3...')
#5 /home/wxfx36uv3844/public_html/vendor/magento/framework/View/Element/Template.php(270): Magento\Framework\Vi in /home/wxfx36uv3844/public_html/app/code/Amasty/Xsearch/Block/Search/AbstractSearch.php on line 81
[16-Aug-2018 12:19:32 UTC] PHP Fatal error:  Uncaught Error: Call to a member function create() on null in /home/wxfx36uv3844/public_html/app/code/Amasty/Xsearch/Block/Search/AbstractSearch.php:81
Stack trace:
#0 /home/wxfx36uv3844/public_html/app/code/Amasty/Xsearch/Block/Search/AbstractSearch.php(122): Amasty\Xsearch\Block\Search\AbstractSearch->generateCollection()
#1 /home/wxfx36uv3844/public_html/app/code/Amasty/Xsearch/Block/Search/AbstractSearch.php(105): Amasty\Xsearch\Block\Search\AbstractSearch->getSearchCollection()
#2 /home/wxfx36uv3844/public_html/app/code/Amasty/Xsearch/Block/Jsinit.php(93): Amasty\Xsearch\Block\Search\AbstractSearch->getLoadedSearchCollection()
#3 /home/wxfx36uv3844/public_html/app/code/Amasty/Xsearch/view/frontend/templates/jsinit.phtml(25): Amasty\Xsearch\Block\Jsinit->isShowRecentPreload()
#4 /home/wxfx36uv3844/public_html/vendor/magento/framework/View/TemplateEngine/Php.php(59): include('/home/wxfx36uv3...')
#5 /home/wxfx36uv3844/public_html/vendor/magento/framework/View/Element/Template.php(270): Magento\Framework\Vi in /home/wxfx36uv3844/public_html/app/code/Amasty/Xsearch/Block/Search/AbstractSearch.php on line 81
[16-Aug-2018 12:19:33 UTC] PHP Fatal error:  Uncaught Error: Call to a member function create() on null in /home/wxfx36uv3844/public_html/app/code/Amasty/Xsearch/Block/Search/AbstractSearch.php:81
Stack trace:
#0 /home/wxfx36uv3844/public_html/app/code/Amasty/Xsearch/Block/Search/AbstractSearch.php(122): Amasty\Xsearch\Block\Search\AbstractSearch->generateCollection()
#1 /home/wxfx36uv3844/public_html/app/code/Amasty/Xsearch/Block/Search/AbstractSearch.php(105): Amasty\Xsearch\Block\Search\AbstractSearch->getSearchCollection()
#2 /home/wxfx36uv3844/public_html/app/code/Amasty/Xsearch/Block/Jsinit.php(93): Amasty\Xsearch\Block\Search\AbstractSearch->getLoadedSearchCollection()
#3 /home/wxfx36uv3844/public_html/app/code/Amasty/Xsearch/view/frontend/templates/jsinit.phtml(25): Amasty\Xsearch\Block\Jsinit->isShowRecentPreload()
#4 /home/wxfx36uv3844/public_html/vendor/magento/framework/View/TemplateEngine/Php.php(59): include('/home/wxfx36uv3...')
#5 /home/wxfx36uv3844/public_html/vendor/magento/framework/View/Element/Template.php(270): Magento\Framework\Vi in /home/wxfx36uv3844/public_html/app/code/Amasty/Xsearch/Block/Search/AbstractSearch.php on line 81
[16-Aug-2018 12:20:41 UTC] PHP Parse error:  syntax error, unexpected '?>' in /home/wxfx36uv3844/public_html/app/design/frontend/Codazon/fastest/westylefashion/Magento_Search/templates/form.mini.phtml on line 57
[16-Aug-2018 12:20:44 UTC] PHP Parse error:  syntax error, unexpected '?>' in /home/wxfx36uv3844/public_html/app/design/frontend/Codazon/fastest/westylefashion/Magento_Search/templates/form.mini.phtml on line 57
[16-Aug-2018 12:20:45 UTC] PHP Parse error:  syntax error, unexpected '?>' in /home/wxfx36uv3844/public_html/app/design/frontend/Codazon/fastest/westylefashion/Magento_Search/templates/form.mini.phtml on line 57
[24-Aug-2018 10:49:46 UTC] PHP Parse error:  syntax error, unexpected ')' in /home/wxfx36uv3844/public_html/app/design/frontend/Codazon/fastest/westylefashion/Magento_Checkout/templates/cart_btm_left.phtml on line 27
[24-Aug-2018 10:50:06 UTC] PHP Parse error:  syntax error, unexpected ',' in /home/wxfx36uv3844/public_html/app/design/frontend/Codazon/fastest/westylefashion/Magento_Checkout/templates/cart_btm_left.phtml on line 28
[24-Aug-2018 10:50:10 UTC] PHP Parse error:  syntax error, unexpected ',' in /home/wxfx36uv3844/public_html/app/design/frontend/Codazon/fastest/westylefashion/Magento_Checkout/templates/cart_btm_left.phtml on line 28
[24-Aug-2018 10:50:39 UTC] PHP Parse error:  syntax error, unexpected ',' in /home/wxfx36uv3844/public_html/app/design/frontend/Codazon/fastest/westylefashion/Magento_Checkout/templates/cart_btm_left.phtml on line 28
[24-Aug-2018 10:55:05 UTC] PHP Fatal error:  Uncaught Error: Call to undefined function ParseInt() in /home/wxfx36uv3844/public_html/app/design/frontend/Codazon/fastest/westylefashion/Magento_Checkout/templates/cart_btm_left.phtml:28
Stack trace:
#0 /home/wxfx36uv3844/public_html/vendor/magento/framework/View/TemplateEngine/Php.php(59): include()
#1 /home/wxfx36uv3844/public_html/vendor/magento/framework/View/Element/Template.php(270): Magento\Framework\View\TemplateEngine\Php->render(Object(Magento\Framework\View\Element\Template), '/home/wxfx36uv3...', Array)
#2 /home/wxfx36uv3844/public_html/vendor/magento/framework/View/Element/Template.php(300): Magento\Framework\View\Element\Template->fetchView('/home/wxfx36uv3...')
#3 /home/wxfx36uv3844/public_html/vendor/magento/framework/View/Element/AbstractBlock.php(667): Magento\Framework\View\Element\Template->_toHtml()
#4 /home/wxfx36uv3844/public_html/vendor/magento/framework/View/Layout.php(558): Magento\Framework\View\Element\AbstractBlock->toHtml()
#5 /home/wxfx36uv3844/public_html/vendor/magento/frame in /home/wxfx36uv3844/public_html/app/design/frontend/Codazon/fastest/westylefashion/Magento_Checkout/templates/cart_btm_left.phtml on line 28
[24-Aug-2018 10:55:51 UTC] PHP Fatal error:  Uncaught Error: Call to undefined function parseInt() in /home/wxfx36uv3844/public_html/app/design/frontend/Codazon/fastest/westylefashion/Magento_Checkout/templates/cart_btm_left.phtml:28
Stack trace:
#0 /home/wxfx36uv3844/public_html/vendor/magento/framework/View/TemplateEngine/Php.php(59): include()
#1 /home/wxfx36uv3844/public_html/vendor/magento/framework/View/Element/Template.php(270): Magento\Framework\View\TemplateEngine\Php->render(Object(Magento\Framework\View\Element\Template), '/home/wxfx36uv3...', Array)
#2 /home/wxfx36uv3844/public_html/vendor/magento/framework/View/Element/Template.php(300): Magento\Framework\View\Element\Template->fetchView('/home/wxfx36uv3...')
#3 /home/wxfx36uv3844/public_html/vendor/magento/framework/View/Element/AbstractBlock.php(667): Magento\Framework\View\Element\Template->_toHtml()
#4 /home/wxfx36uv3844/public_html/vendor/magento/framework/View/Layout.php(558): Magento\Framework\View\Element\AbstractBlock->toHtml()
#5 /home/wxfx36uv3844/public_html/vendor/magento/frame in /home/wxfx36uv3844/public_html/app/design/frontend/Codazon/fastest/westylefashion/Magento_Checkout/templates/cart_btm_left.phtml on line 28
[24-Aug-2018 10:55:57 UTC] PHP Fatal error:  Uncaught Error: Call to undefined function parseInt() in /home/wxfx36uv3844/public_html/app/design/frontend/Codazon/fastest/westylefashion/Magento_Checkout/templates/cart_btm_left.phtml:28
Stack trace:
#0 /home/wxfx36uv3844/public_html/vendor/magento/framework/View/TemplateEngine/Php.php(59): include()
#1 /home/wxfx36uv3844/public_html/vendor/magento/framework/View/Element/Template.php(270): Magento\Framework\View\TemplateEngine\Php->render(Object(Magento\Framework\View\Element\Template), '/home/wxfx36uv3...', Array)
#2 /home/wxfx36uv3844/public_html/vendor/magento/framework/View/Element/Template.php(300): Magento\Framework\View\Element\Template->fetchView('/home/wxfx36uv3...')
#3 /home/wxfx36uv3844/public_html/vendor/magento/framework/View/Element/AbstractBlock.php(667): Magento\Framework\View\Element\Template->_toHtml()
#4 /home/wxfx36uv3844/public_html/vendor/magento/framework/View/Layout.php(558): Magento\Framework\View\Element\AbstractBlock->toHtml()
#5 /home/wxfx36uv3844/public_html/vendor/magento/frame in /home/wxfx36uv3844/public_html/app/design/frontend/Codazon/fastest/westylefashion/Magento_Checkout/templates/cart_btm_left.phtml on line 28
[24-Aug-2018 11:02:14 UTC] PHP Parse error:  syntax error, unexpected ';', expecting ',' or ')' in /home/wxfx36uv3844/public_html/app/design/frontend/Codazon/fastest/westylefashion/Magento_Checkout/templates/cart_btm_left.phtml on line 27
[27-Aug-2018 11:30:01 UTC] PHP Fatal error:  Uncaught Error: Call to undefined method Magento\Reports\Model\ResourceModel\Report\Collection\Factory::addAttributeToSelect() in /home/wxfx36uv3844/public_html/vendor/magento/module-reports/view/frontend/templates/widget/viewed/content/viewed_grid.phtml:18
Stack trace:
#0 /home/wxfx36uv3844/public_html/vendor/magento/framework/View/TemplateEngine/Php.php(59): include()
#1 /home/wxfx36uv3844/public_html/vendor/magento/framework/View/Element/Template.php(270): Magento\Framework\View\TemplateEngine\Php->render(Object(Magento\Reports\Block\Product\Widget\Viewed\Interceptor), '/home/wxfx36uv3...', Array)
#2 /home/wxfx36uv3844/public_html/generated/code/Magento/Reports/Block/Product/Widget/Viewed/Interceptor.php(466): Magento\Framework\View\Element\Template->fetchView('/home/wxfx36uv3...')
#3 /home/wxfx36uv3844/public_html/vendor/magento/framework/View/Element/Template.php(300): Magento\Reports\Block\Product\Widget\Viewed\Interceptor->fetchView('/home/wxfx36uv3...')
#4 /home/wxfx36uv3844/public_html/vendor/magento in /home/wxfx36uv3844/public_html/vendor/magento/module-reports/view/frontend/templates/widget/viewed/content/viewed_grid.phtml on line 18
[27-Aug-2018 11:30:07 UTC] PHP Fatal error:  Uncaught Error: Call to undefined method Magento\Reports\Model\ResourceModel\Report\Collection\Factory::addAttributeToSelect() in /home/wxfx36uv3844/public_html/vendor/magento/module-reports/view/frontend/templates/widget/viewed/content/viewed_grid.phtml:18
Stack trace:
#0 /home/wxfx36uv3844/public_html/vendor/magento/framework/View/TemplateEngine/Php.php(59): include()
#1 /home/wxfx36uv3844/public_html/vendor/magento/framework/View/Element/Template.php(270): Magento\Framework\View\TemplateEngine\Php->render(Object(Magento\Reports\Block\Product\Widget\Viewed\Interceptor), '/home/wxfx36uv3...', Array)
#2 /home/wxfx36uv3844/public_html/generated/code/Magento/Reports/Block/Product/Widget/Viewed/Interceptor.php(466): Magento\Framework\View\Element\Template->fetchView('/home/wxfx36uv3...')
#3 /home/wxfx36uv3844/public_html/vendor/magento/framework/View/Element/Template.php(300): Magento\Reports\Block\Product\Widget\Viewed\Interceptor->fetchView('/home/wxfx36uv3...')
#4 /home/wxfx36uv3844/public_html/vendor/magento in /home/wxfx36uv3844/public_html/vendor/magento/module-reports/view/frontend/templates/widget/viewed/content/viewed_grid.phtml on line 18
[27-Aug-2018 11:30:11 UTC] PHP Fatal error:  Uncaught Error: Call to undefined method Magento\Reports\Model\ResourceModel\Report\Collection\Factory::addAttributeToSelect() in /home/wxfx36uv3844/public_html/vendor/magento/module-reports/view/frontend/templates/widget/viewed/content/viewed_grid.phtml:18
Stack trace:
#0 /home/wxfx36uv3844/public_html/vendor/magento/framework/View/TemplateEngine/Php.php(59): include()
#1 /home/wxfx36uv3844/public_html/vendor/magento/framework/View/Element/Template.php(270): Magento\Framework\View\TemplateEngine\Php->render(Object(Magento\Reports\Block\Product\Widget\Viewed\Interceptor), '/home/wxfx36uv3...', Array)
#2 /home/wxfx36uv3844/public_html/generated/code/Magento/Reports/Block/Product/Widget/Viewed/Interceptor.php(466): Magento\Framework\View\Element\Template->fetchView('/home/wxfx36uv3...')
#3 /home/wxfx36uv3844/public_html/vendor/magento/framework/View/Element/Template.php(300): Magento\Reports\Block\Product\Widget\Viewed\Interceptor->fetchView('/home/wxfx36uv3...')
#4 /home/wxfx36uv3844/public_html/vendor/magento in /home/wxfx36uv3844/public_html/vendor/magento/module-reports/view/frontend/templates/widget/viewed/content/viewed_grid.phtml on line 18
[27-Aug-2018 11:31:34 UTC] PHP Fatal error:  Uncaught Error: Call to undefined method Magento\Reports\Model\ResourceModel\Report\Collection\Factory::addAttributeToSelect() in /home/wxfx36uv3844/public_html/vendor/magento/module-reports/view/frontend/templates/widget/viewed/content/viewed_grid.phtml:19
Stack trace:
#0 /home/wxfx36uv3844/public_html/vendor/magento/framework/View/TemplateEngine/Php.php(59): include()
#1 /home/wxfx36uv3844/public_html/vendor/magento/framework/View/Element/Template.php(270): Magento\Framework\View\TemplateEngine\Php->render(Object(Magento\Reports\Block\Product\Widget\Viewed\Interceptor), '/home/wxfx36uv3...', Array)
#2 /home/wxfx36uv3844/public_html/generated/code/Magento/Reports/Block/Product/Widget/Viewed/Interceptor.php(466): Magento\Framework\View\Element\Template->fetchView('/home/wxfx36uv3...')
#3 /home/wxfx36uv3844/public_html/vendor/magento/framework/View/Element/Template.php(300): Magento\Reports\Block\Product\Widget\Viewed\Interceptor->fetchView('/home/wxfx36uv3...')
#4 /home/wxfx36uv3844/public_html/vendor/magento in /home/wxfx36uv3844/public_html/vendor/magento/module-reports/view/frontend/templates/widget/viewed/content/viewed_grid.phtml on line 19
[27-Aug-2018 11:31:39 UTC] PHP Fatal error:  Uncaught Error: Call to undefined method Magento\Reports\Model\ResourceModel\Report\Collection\Factory::addAttributeToSelect() in /home/wxfx36uv3844/public_html/vendor/magento/module-reports/view/frontend/templates/widget/viewed/content/viewed_grid.phtml:19
Stack trace:
#0 /home/wxfx36uv3844/public_html/vendor/magento/framework/View/TemplateEngine/Php.php(59): include()
#1 /home/wxfx36uv3844/public_html/vendor/magento/framework/View/Element/Template.php(270): Magento\Framework\View\TemplateEngine\Php->render(Object(Magento\Reports\Block\Product\Widget\Viewed\Interceptor), '/home/wxfx36uv3...', Array)
#2 /home/wxfx36uv3844/public_html/generated/code/Magento/Reports/Block/Product/Widget/Viewed/Interceptor.php(466): Magento\Framework\View\Element\Template->fetchView('/home/wxfx36uv3...')
#3 /home/wxfx36uv3844/public_html/vendor/magento/framework/View/Element/Template.php(300): Magento\Reports\Block\Product\Widget\Viewed\Interceptor->fetchView('/home/wxfx36uv3...')
#4 /home/wxfx36uv3844/public_html/vendor/magento in /home/wxfx36uv3844/public_html/vendor/magento/module-reports/view/frontend/templates/widget/viewed/content/viewed_grid.phtml on line 19
[27-Aug-2018 11:32:02 UTC] PHP Fatal error:  Uncaught Error: Call to undefined method Magento\Reports\Model\ResourceModel\Report\Collection\Factory::addViewsCount() in /home/wxfx36uv3844/public_html/vendor/magento/module-reports/view/frontend/templates/widget/viewed/content/viewed_grid.phtml:19
Stack trace:
#0 /home/wxfx36uv3844/public_html/vendor/magento/framework/View/TemplateEngine/Php.php(59): include()
#1 /home/wxfx36uv3844/public_html/vendor/magento/framework/View/Element/Template.php(270): Magento\Framework\View\TemplateEngine\Php->render(Object(Magento\Reports\Block\Product\Widget\Viewed\Interceptor), '/home/wxfx36uv3...', Array)
#2 /home/wxfx36uv3844/public_html/generated/code/Magento/Reports/Block/Product/Widget/Viewed/Interceptor.php(466): Magento\Framework\View\Element\Template->fetchView('/home/wxfx36uv3...')
#3 /home/wxfx36uv3844/public_html/vendor/magento/framework/View/Element/Template.php(300): Magento\Reports\Block\Product\Widget\Viewed\Interceptor->fetchView('/home/wxfx36uv3...')
#4 /home/wxfx36uv3844/public_html/vendor/magento/module in /home/wxfx36uv3844/public_html/vendor/magento/module-reports/view/frontend/templates/widget/viewed/content/viewed_grid.phtml on line 19
[27-Aug-2018 11:55:34 UTC] PHP Fatal error:  Uncaught TypeError: Argument 1 passed to Magento\Reports\Block\Product\Viewed::__construct() must be an instance of Magento\Customer\Model\Session, instance of Magento\Catalog\Block\Product\Context given, called in /home/wxfx36uv3844/public_html/generated/code/Magento/Reports/Block/Product/Widget/Viewed/Interceptor.php on line 14 and defined in /home/wxfx36uv3844/public_html/vendor/magento/module-reports/Block/Product/Viewed.php:42
Stack trace:
#0 /home/wxfx36uv3844/public_html/generated/code/Magento/Reports/Block/Product/Widget/Viewed/Interceptor.php(14): Magento\Reports\Block\Product\Viewed->__construct(Object(Magento\Catalog\Block\Product\Context), Object(Magento\Catalog\Model\Product\Visibility), Object(Magento\Reports\Model\Product\Index\Factory), Array)
#1 /home/wxfx36uv3844/public_html/vendor/magento/framework/ObjectManager/Factory/AbstractFactory.php(111): Magento\Reports\Block\Product\Widget\Viewed\Interceptor->__construct(Object(Magento\Catalog\Block\Product\Context), Object(Magento\Catalog\Model\Pr in /home/wxfx36uv3844/public_html/vendor/magento/module-reports/Block/Product/Viewed.php on line 42
[27-Aug-2018 11:55:41 UTC] PHP Fatal error:  Uncaught TypeError: Argument 1 passed to Magento\Reports\Block\Product\Viewed::__construct() must be an instance of Magento\Customer\Model\Session, instance of Magento\Catalog\Block\Product\Context given, called in /home/wxfx36uv3844/public_html/generated/code/Magento/Reports/Block/Product/Widget/Viewed/Interceptor.php on line 14 and defined in /home/wxfx36uv3844/public_html/vendor/magento/module-reports/Block/Product/Viewed.php:42
Stack trace:
#0 /home/wxfx36uv3844/public_html/generated/code/Magento/Reports/Block/Product/Widget/Viewed/Interceptor.php(14): Magento\Reports\Block\Product\Viewed->__construct(Object(Magento\Catalog\Block\Product\Context), Object(Magento\Catalog\Model\Product\Visibility), Object(Magento\Reports\Model\Product\Index\Factory), Array)
#1 /home/wxfx36uv3844/public_html/vendor/magento/framework/ObjectManager/Factory/AbstractFactory.php(111): Magento\Reports\Block\Product\Widget\Viewed\Interceptor->__construct(Object(Magento\Catalog\Block\Product\Context), Object(Magento\Catalog\Model\Pr in /home/wxfx36uv3844/public_html/vendor/magento/module-reports/Block/Product/Viewed.php on line 42
[27-Aug-2018 11:55:46 UTC] PHP Fatal error:  Uncaught TypeError: Argument 1 passed to Magento\Reports\Block\Product\Viewed::__construct() must be an instance of Magento\Customer\Model\Session, instance of Magento\Catalog\Block\Product\Context given, called in /home/wxfx36uv3844/public_html/generated/code/Magento/Reports/Block/Product/Widget/Viewed/Interceptor.php on line 14 and defined in /home/wxfx36uv3844/public_html/vendor/magento/module-reports/Block/Product/Viewed.php:42
Stack trace:
#0 /home/wxfx36uv3844/public_html/generated/code/Magento/Reports/Block/Product/Widget/Viewed/Interceptor.php(14): Magento\Reports\Block\Product\Viewed->__construct(Object(Magento\Catalog\Block\Product\Context), Object(Magento\Catalog\Model\Product\Visibility), Object(Magento\Reports\Model\Product\Index\Factory), Array)
#1 /home/wxfx36uv3844/public_html/vendor/magento/framework/ObjectManager/Factory/AbstractFactory.php(111): Magento\Reports\Block\Product\Widget\Viewed\Interceptor->__construct(Object(Magento\Catalog\Block\Product\Context), Object(Magento\Catalog\Model\Pr in /home/wxfx36uv3844/public_html/vendor/magento/module-reports/Block/Product/Viewed.php on line 42
[27-Aug-2018 11:56:04 UTC] PHP Fatal error:  Uncaught TypeError: Argument 1 passed to Magento\Reports\Block\Product\Viewed::__construct() must be an instance of Magento\Customer\Model\Session, instance of Magento\Catalog\Block\Product\Context given, called in /home/wxfx36uv3844/public_html/generated/code/Magento/Reports/Block/Product/Widget/Viewed/Interceptor.php on line 14 and defined in /home/wxfx36uv3844/public_html/vendor/magento/module-reports/Block/Product/Viewed.php:42
Stack trace:
#0 /home/wxfx36uv3844/public_html/generated/code/Magento/Reports/Block/Product/Widget/Viewed/Interceptor.php(14): Magento\Reports\Block\Product\Viewed->__construct(Object(Magento\Catalog\Block\Product\Context), Object(Magento\Catalog\Model\Product\Visibility), Object(Magento\Reports\Model\Product\Index\Factory), Array)
#1 /home/wxfx36uv3844/public_html/vendor/magento/framework/ObjectManager/Factory/AbstractFactory.php(111): Magento\Reports\Block\Product\Widget\Viewed\Interceptor->__construct(Object(Magento\Catalog\Block\Product\Context), Object(Magento\Catalog\Model\Pr in /home/wxfx36uv3844/public_html/vendor/magento/module-reports/Block/Product/Viewed.php on line 42
[27-Aug-2018 11:56:18 UTC] PHP Fatal error:  Uncaught TypeError: Argument 1 passed to Magento\Reports\Block\Product\Viewed::__construct() must be an instance of Magento\Customer\Model\Session, instance of Magento\Catalog\Block\Product\Context given, called in /home/wxfx36uv3844/public_html/generated/code/Magento/Reports/Block/Product/Widget/Viewed/Interceptor.php on line 14 and defined in /home/wxfx36uv3844/public_html/vendor/magento/module-reports/Block/Product/Viewed.php:42
Stack trace:
#0 /home/wxfx36uv3844/public_html/generated/code/Magento/Reports/Block/Product/Widget/Viewed/Interceptor.php(14): Magento\Reports\Block\Product\Viewed->__construct(Object(Magento\Catalog\Block\Product\Context), Object(Magento\Catalog\Model\Product\Visibility), Object(Magento\Reports\Model\Product\Index\Factory), Array)
#1 /home/wxfx36uv3844/public_html/vendor/magento/framework/ObjectManager/Factory/AbstractFactory.php(111): Magento\Reports\Block\Product\Widget\Viewed\Interceptor->__construct(Object(Magento\Catalog\Block\Product\Context), Object(Magento\Catalog\Model\Pr in /home/wxfx36uv3844/public_html/vendor/magento/module-reports/Block/Product/Viewed.php on line 42
[27-Aug-2018 11:56:40 UTC] PHP Fatal error:  Uncaught TypeError: Argument 1 passed to Magento\Reports\Block\Product\Viewed::__construct() must be an instance of Magento\Customer\Model\Session, instance of Magento\Catalog\Block\Product\Context given, called in /home/wxfx36uv3844/public_html/generated/code/Magento/Reports/Block/Product/Widget/Viewed/Interceptor.php on line 14 and defined in /home/wxfx36uv3844/public_html/vendor/magento/module-reports/Block/Product/Viewed.php:42
Stack trace:
#0 /home/wxfx36uv3844/public_html/generated/code/Magento/Reports/Block/Product/Widget/Viewed/Interceptor.php(14): Magento\Reports\Block\Product\Viewed->__construct(Object(Magento\Catalog\Block\Product\Context), Object(Magento\Catalog\Model\Product\Visibility), Object(Magento\Reports\Model\Product\Index\Factory), Array)
#1 /home/wxfx36uv3844/public_html/vendor/magento/framework/ObjectManager/Factory/AbstractFactory.php(111): Magento\Reports\Block\Product\Widget\Viewed\Interceptor->__construct(Object(Magento\Catalog\Block\Product\Context), Object(Magento\Catalog\Model\Pr in /home/wxfx36uv3844/public_html/vendor/magento/module-reports/Block/Product/Viewed.php on line 42
[27-Aug-2018 12:47:35 UTC] PHP Fatal error:  Uncaught Magento\Framework\Exception\RuntimeException: Invalid configuration file: '/home/wxfx36uv3844/public_html/app/etc/config.php' in /home/wxfx36uv3844/public_html/vendor/magento/framework/App/DeploymentConfig/Reader.php:118
Stack trace:
#0 /home/wxfx36uv3844/public_html/vendor/magento/framework/App/DeploymentConfig.php(139): Magento\Framework\App\DeploymentConfig\Reader->load()
#1 /home/wxfx36uv3844/public_html/vendor/magento/framework/App/DeploymentConfig.php(69): Magento\Framework\App\DeploymentConfig->load()
#2 /home/wxfx36uv3844/public_html/vendor/magento/framework/App/Bootstrap.php(400): Magento\Framework\App\DeploymentConfig->get('MAGE_MODE')
#3 /home/wxfx36uv3844/public_html/vendor/magento/framework/App/Bootstrap.php(418): Magento\Framework\App\Bootstrap->isDeveloperMode()
#4 /home/wxfx36uv3844/public_html/vendor/magento/framework/App/Bootstrap.php(266): Magento\Framework\App\Bootstrap->terminate(Object(Magento\Framework\Exception\RuntimeException))
#5 /home/wxfx36uv3844/public_html/index.php(39) in /home/wxfx36uv3844/public_html/vendor/magento/framework/App/DeploymentConfig/Reader.php on line 118
[02-Sep-2018 08:50:49 UTC] PHP Fatal error:  Uncaught Error: Call to a member function getRealOrderId() on null in /home/wxfx36uv3844/public_html/vendor/magento/module-sales/Block/Order/PrintShipment.php:60
Stack trace:
#0 /home/wxfx36uv3844/public_html/vendor/magento/framework/View/Element/AbstractBlock.php(272): Magento\Sales\Block\Order\PrintShipment->_prepareLayout()
#1 /home/wxfx36uv3844/public_html/vendor/magento/framework/View/Layout/Generator/Block.php(150): Magento\Framework\View\Element\AbstractBlock->setLayout(Object(Magento\Framework\View\Layout\Interceptor))
#2 /home/wxfx36uv3844/public_html/vendor/magento/framework/View/Layout/GeneratorPool.php(80): Magento\Framework\View\Layout\Generator\Block->process(Object(Magento\Framework\View\Layout\Reader\Context), Object(Magento\Framework\View\Layout\Generator\Context))
#3 /home/wxfx36uv3844/public_html/vendor/magento/framework/View/Layout.php(344): Magento\Framework\View\Layout\GeneratorPool->process(Object(Magento\Framework\View\Layout\Reader\Context), Object(Magento\Framework\View\Layout\Genera in /home/wxfx36uv3844/public_html/vendor/magento/module-sales/Block/Order/PrintShipment.php on line 60
[02-Sep-2018 08:51:03 UTC] PHP Fatal error:  Uncaught Error: Call to a member function getRealOrderId() on null in /home/wxfx36uv3844/public_html/vendor/magento/module-sales/Block/Order/PrintShipment.php:60
Stack trace:
#0 /home/wxfx36uv3844/public_html/vendor/magento/framework/View/Element/AbstractBlock.php(272): Magento\Sales\Block\Order\PrintShipment->_prepareLayout()
#1 /home/wxfx36uv3844/public_html/vendor/magento/framework/View/Layout/Generator/Block.php(150): Magento\Framework\View\Element\AbstractBlock->setLayout(Object(Magento\Framework\View\Layout\Interceptor))
#2 /home/wxfx36uv3844/public_html/vendor/magento/framework/View/Layout/GeneratorPool.php(80): Magento\Framework\View\Layout\Generator\Block->process(Object(Magento\Framework\View\Layout\Reader\Context), Object(Magento\Framework\View\Layout\Generator\Context))
#3 /home/wxfx36uv3844/public_html/vendor/magento/framework/View/Layout.php(344): Magento\Framework\View\Layout\GeneratorPool->process(Object(Magento\Framework\View\Layout\Reader\Context), Object(Magento\Framework\View\Layout\Genera in /home/wxfx36uv3844/public_html/vendor/magento/module-sales/Block/Order/PrintShipment.php on line 60
[30-Oct-2018 11:47:12 UTC] PHP Fatal error:  Allowed memory size of 33554432 bytes exhausted (tried to allocate 32768 bytes) in /home/wxfx36uv3844/public_html/vendor/magento/module-catalog/Ui/DataProvider/Product/Form/Modifier/CustomOptions.php on line 424
[30-Oct-2018 11:48:26 UTC] PHP Fatal error:  Uncaught Exception: Warning: SessionHandler::write(): open(/var/cpanel/php/sessions/ea-php70/sess_ukbkpgsormsv80bd4lj8spsng3, O_RDWR) failed: No such file or directory (2) in /home/wxfx36uv3844/public_html/vendor/magento/framework/Session/SaveHandler.php on line 105 in /home/wxfx36uv3844/public_html/vendor/magento/framework/App/ErrorHandler.php:61
Stack trace:
#0 [internal function]: Magento\Framework\App\ErrorHandler->handler(2, 'SessionHandler:...', '/home/wxfx36uv3...', 105, Array)
#1 /home/wxfx36uv3844/public_html/vendor/magento/framework/Session/SaveHandler.php(105): SessionHandler->write('ukbkpgsormsv80b...', 'default|a:0:{}c...')
#2 [internal function]: Magento\Framework\Session\SaveHandler->write('ukbkpgsormsv80b...', 'default|a:0:{}c...')
#3 {main}
  thrown in /home/wxfx36uv3844/public_html/vendor/magento/framework/App/ErrorHandler.php on line 61
[30-Oct-2018 11:53:39 UTC] PHP Fatal error:  Allowed memory size of 33554432 bytes exhausted (tried to allocate 8192 bytes) in /home/wxfx36uv3844/public_html/vendor/zendframework/zend-http/src/Client.php on line 333
[30-Oct-2018 11:53:44 UTC] PHP Fatal error:  Allowed memory size of 33554432 bytes exhausted (tried to allocate 8192 bytes) in /home/wxfx36uv3844/public_html/vendor/zendframework/zend-http/src/Client.php on line 333
[30-Oct-2018 11:54:53 UTC] PHP Fatal error:  Allowed memory size of 33554432 bytes exhausted (tried to allocate 8192 bytes) in /home/wxfx36uv3844/public_html/vendor/zendframework/zend-http/src/Client.php on line 333
[30-Oct-2018 11:54:57 UTC] PHP Fatal error:  Allowed memory size of 33554432 bytes exhausted (tried to allocate 8192 bytes) in /home/wxfx36uv3844/public_html/vendor/zendframework/zend-http/src/Client.php on line 333
[30-Oct-2018 11:55:13 UTC] PHP Fatal error:  Allowed memory size of 33554432 bytes exhausted (tried to allocate 8192 bytes) in /home/wxfx36uv3844/public_html/vendor/zendframework/zend-http/src/Client.php on line 333
[02-Nov-2018 11:14:48 UTC] PHP Fatal error:  Uncaught Error: Call to a member function getCurrencySymbol() on null in /home/wxfx36uv3844/public_html/app/design/frontend/Codazon/fastest/westylefashion/Magento_Sales/templates/order/history.phtml:76
Stack trace:
#0 /home/wxfx36uv3844/public_html/vendor/magento/framework/View/TemplateEngine/Php.php(59): include()
#1 /home/wxfx36uv3844/public_html/vendor/magento/framework/View/Element/Template.php(270): Magento\Framework\View\TemplateEngine\Php->render(Object(Magento\Sales\Block\Order\History), '/home/wxfx36uv3...', Array)
#2 /home/wxfx36uv3844/public_html/vendor/magento/framework/View/Element/Template.php(300): Magento\Framework\View\Element\Template->fetchView('/home/wxfx36uv3...')
#3 /home/wxfx36uv3844/public_html/vendor/magento/framework/View/Element/AbstractBlock.php(667): Magento\Framework\View\Element\Template->_toHtml()
#4 /home/wxfx36uv3844/public_html/vendor/magento/framework/View/Layout.php(558): Magento\Framework\View\Element\AbstractBlock->toHtml()
#5 /home/wxfx36uv3844/public_html/vendor/magent in /home/wxfx36uv3844/public_html/app/design/frontend/Codazon/fastest/westylefashion/Magento_Sales/templates/order/history.phtml on line 76
[02-Nov-2018 11:16:01 UTC] PHP Fatal error:  Uncaught Error: Call to a member function getCurrencySymbol() on null in /home/wxfx36uv3844/public_html/app/design/frontend/Codazon/fastest/westylefashion/Magento_Sales/templates/order/history.phtml:76
Stack trace:
#0 /home/wxfx36uv3844/public_html/vendor/magento/framework/View/TemplateEngine/Php.php(59): include()
#1 /home/wxfx36uv3844/public_html/vendor/magento/framework/View/Element/Template.php(270): Magento\Framework\View\TemplateEngine\Php->render(Object(Magento\Sales\Block\Order\History), '/home/wxfx36uv3...', Array)
#2 /home/wxfx36uv3844/public_html/vendor/magento/framework/View/Element/Template.php(300): Magento\Framework\View\Element\Template->fetchView('/home/wxfx36uv3...')
#3 /home/wxfx36uv3844/public_html/vendor/magento/framework/View/Element/AbstractBlock.php(667): Magento\Framework\View\Element\Template->_toHtml()
#4 /home/wxfx36uv3844/public_html/vendor/magento/framework/View/Layout.php(558): Magento\Framework\View\Element\AbstractBlock->toHtml()
#5 /home/wxfx36uv3844/public_html/vendor/magent in /home/wxfx36uv3844/public_html/app/design/frontend/Codazon/fastest/westylefashion/Magento_Sales/templates/order/history.phtml on line 76
[05-Nov-2018 08:14:18 UTC] PHP Fatal error:  Allowed memory size of 792723456 bytes exhausted (tried to allocate 534777856 bytes) in /home/wxfx36uv3844/public_html/app/design/frontend/Codazon/fastest/westylefashion/Magento_Review/templates/product/view/list.phtml on line 17
[05-Nov-2018 08:15:06 UTC] PHP Fatal error:  Allowed memory size of 792723456 bytes exhausted (tried to allocate 383782912 bytes) in /home/wxfx36uv3844/public_html/app/design/frontend/Codazon/fastest/westylefashion/Magento_Review/templates/product/view/list.phtml on line 17
[05-Nov-2018 08:15:36 UTC] PHP Fatal error:  Allowed memory size of 792723456 bytes exhausted (tried to allocate 383782912 bytes) in /home/wxfx36uv3844/public_html/app/design/frontend/Codazon/fastest/westylefashion/Magento_Review/templates/product/view/list.phtml on line 17
[05-Nov-2018 08:17:05 UTC] PHP Fatal error:  Allowed memory size of 792723456 bytes exhausted (tried to allocate 383782912 bytes) in /home/wxfx36uv3844/public_html/app/design/frontend/Codazon/fastest/westylefashion/Magento_Review/templates/product/view/list.phtml on line 17
[05-Nov-2018 08:18:44 UTC] PHP Fatal error:  Allowed memory size of 792723456 bytes exhausted (tried to allocate 383782912 bytes) in /home/wxfx36uv3844/public_html/app/design/frontend/Codazon/fastest/westylefashion/Magento_Review/templates/product/view/list.phtml on line 17
[05-Nov-2018 08:26:50 UTC] PHP Fatal error:  Allowed memory size of 792723456 bytes exhausted (tried to allocate 383782912 bytes) in /home/wxfx36uv3844/public_html/app/design/frontend/Codazon/fastest/westylefashion/Magento_Review/templates/product/view/list.phtml on line 17
[20-Nov-2018 16:50:27 UTC] PHP Fatal error:  Uncaught Error: Call to a member function getLastItem() on array in /home/wxfx36uv3844/public_html/app/code/Tigren/Ajaxcart/Block/CartInfo.php:26
Stack trace:
#0 /home/wxfx36uv3844/public_html/app/design/frontend/Codazon/fastest/westylefashion/Tigren_Ajaxcart/templates/product/customoption.phtml(2): Tigren\Ajaxcart\Block\CartInfo->getAddedProduct()
#1 /home/wxfx36uv3844/public_html/vendor/magento/framework/View/TemplateEngine/Php.php(59): include('/home/wxfx36uv3...')
#2 /home/wxfx36uv3844/public_html/vendor/magento/framework/View/Element/Template.php(270): Magento\Framework\View\TemplateEngine\Php->render(Object(Tigren\Ajaxcart\Block\CartInfo), '/home/wxfx36uv3...', Array)
#3 /home/wxfx36uv3844/public_html/vendor/magento/framework/View/Element/Template.php(300): Magento\Framework\View\Element\Template->fetchView('/home/wxfx36uv3...')
#4 /home/wxfx36uv3844/public_html/vendor/magento/framework/View/Element/AbstractBlock.php(667): Magento\Framework\View\Element\Template->_toHtml()
#5 /home/wxfx36uv3844/public_h in /home/wxfx36uv3844/public_html/app/code/Tigren/Ajaxcart/Block/CartInfo.php on line 26
[20-Nov-2018 16:56:25 UTC] PHP Fatal error:  Allowed memory size of 792723456 bytes exhausted (tried to allocate 400572416 bytes) in /home/wxfx36uv3844/public_html/app/design/frontend/Codazon/fastest/westylefashion/Tigren_Ajaxcart/templates/product/customoption.phtml on line 2
[20-Nov-2018 16:58:11 UTC] PHP Fatal error:  Uncaught Error: Call to a member function getName() on array in /home/wxfx36uv3844/public_html/app/code/Tigren/Ajaxcart/Block/CartInfo.php:27
Stack trace:
#0 /home/wxfx36uv3844/public_html/app/design/frontend/Codazon/fastest/westylefashion/Tigren_Ajaxcart/templates/product/customoption.phtml(2): Tigren\Ajaxcart\Block\CartInfo->getAddedProduct()
#1 /home/wxfx36uv3844/public_html/vendor/magento/framework/View/TemplateEngine/Php.php(59): include('/home/wxfx36uv3...')
#2 /home/wxfx36uv3844/public_html/vendor/magento/framework/View/Element/Template.php(270): Magento\Framework\View\TemplateEngine\Php->render(Object(Tigren\Ajaxcart\Block\CartInfo), '/home/wxfx36uv3...', Array)
#3 /home/wxfx36uv3844/public_html/vendor/magento/framework/View/Element/Template.php(300): Magento\Framework\View\Element\Template->fetchView('/home/wxfx36uv3...')
#4 /home/wxfx36uv3844/public_html/vendor/magento/framework/View/Element/AbstractBlock.php(667): Magento\Framework\View\Element\Template->_toHtml()
#5 /home/wxfx36uv3844/public_html/ in /home/wxfx36uv3844/public_html/app/code/Tigren/Ajaxcart/Block/CartInfo.php on line 27
[20-Nov-2018 17:03:19 UTC] PHP Fatal error:  Uncaught Error: Call to a member function getOrderOptions() on null in /home/wxfx36uv3844/public_html/app/code/Tigren/Ajaxcart/Block/CartInfo.php:29
Stack trace:
#0 /home/wxfx36uv3844/public_html/app/design/frontend/Codazon/fastest/westylefashion/Tigren_Ajaxcart/templates/product/customoption.phtml(2): Tigren\Ajaxcart\Block\CartInfo->getAddedProduct()
#1 /home/wxfx36uv3844/public_html/vendor/magento/framework/View/TemplateEngine/Php.php(59): include('/home/wxfx36uv3...')
#2 /home/wxfx36uv3844/public_html/vendor/magento/framework/View/Element/Template.php(270): Magento\Framework\View\TemplateEngine\Php->render(Object(Tigren\Ajaxcart\Block\CartInfo), '/home/wxfx36uv3...', Array)
#3 /home/wxfx36uv3844/public_html/vendor/magento/framework/View/Element/Template.php(300): Magento\Framework\View\Element\Template->fetchView('/home/wxfx36uv3...')
#4 /home/wxfx36uv3844/public_html/vendor/magento/framework/View/Element/AbstractBlock.php(667): Magento\Framework\View\Element\Template->_toHtml()
#5 /home/wxfx36uv3844/publi in /home/wxfx36uv3844/public_html/app/code/Tigren/Ajaxcart/Block/CartInfo.php on line 29
[20-Nov-2018 17:35:14 UTC] PHP Fatal error:  Uncaught Error: Cannot use object of type Magento\Quote\Model\ResourceModel\Quote\Item\Collection as array in /home/wxfx36uv3844/public_html/app/code/Tigren/Ajaxcart/Block/CartInfo.php:29
Stack trace:
#0 /home/wxfx36uv3844/public_html/app/design/frontend/Codazon/fastest/westylefashion/Tigren_Ajaxcart/templates/product/customoption.phtml(2): Tigren\Ajaxcart\Block\CartInfo->getAddedProduct()
#1 /home/wxfx36uv3844/public_html/vendor/magento/framework/View/TemplateEngine/Php.php(59): include('/home/wxfx36uv3...')
#2 /home/wxfx36uv3844/public_html/vendor/magento/framework/View/Element/Template.php(270): Magento\Framework\View\TemplateEngine\Php->render(Object(Tigren\Ajaxcart\Block\CartInfo), '/home/wxfx36uv3...', Array)
#3 /home/wxfx36uv3844/public_html/vendor/magento/framework/View/Element/Template.php(300): Magento\Framework\View\Element\Template->fetchView('/home/wxfx36uv3...')
#4 /home/wxfx36uv3844/public_html/vendor/magento/framework/View/Element/AbstractBlock.php(667): Magento\Framework\View\Element\Template in /home/wxfx36uv3844/public_html/app/code/Tigren/Ajaxcart/Block/CartInfo.php on line 29
[28-Nov-2018 20:24:02 UTC] PHP Parse error:  syntax error, unexpected '{' in /home/wxfx36uv3844/public_html/app/design/frontend/Codazon/fastest/westylefashion/Magento_Customer/templates/account/dashboard/info.phtml on line 18
[28-Nov-2018 20:24:55 UTC] PHP Parse error:  syntax error, unexpected '{' in /home/wxfx36uv3844/public_html/app/design/frontend/Codazon/fastest/westylefashion/Magento_Customer/templates/account/dashboard/info.phtml on line 18
[28-Nov-2018 20:25:25 UTC] PHP Parse error:  syntax error, unexpected '{' in /home/wxfx36uv3844/public_html/app/design/frontend/Codazon/fastest/westylefashion/Magento_Customer/templates/account/dashboard/info.phtml on line 18
[11-Dec-2018 10:29:21 UTC] PHP Parse error:  syntax error, unexpected '{' in /home/wxfx36uv3844/public_html/app/design/frontend/Codazon/fastest/westylefashion/Magento_Customer/templates/account/dashboard/info.phtml on line 18
[11-Dec-2018 10:29:39 UTC] PHP Parse error:  syntax error, unexpected '{' in /home/wxfx36uv3844/public_html/app/design/frontend/Codazon/fastest/westylefashion/Magento_Customer/templates/account/dashboard/info.phtml on line 18
[11-Dec-2018 10:31:24 UTC] PHP Parse error:  syntax error, unexpected '{' in /home/wxfx36uv3844/public_html/app/design/frontend/Codazon/fastest/westylefashion/Magento_Customer/templates/account/dashboard/info.phtml on line 18
